Using pre-set license
Built from '2020.3/staging' branch; Version is '2020.3.0f1 (c7b5465681fb) revision 13088070'; Using compiler version '192528614'; Build Type 'Release'
OS: 'Windows 10 Pro; OS build 22000.194; Version 2009; 64bit' Language: 'en' Physical Memory: 16333 MB
BatchMode: 1, IsHumanControllingUs: 0, StartBugReporterOnCrash: 0, Is64bit: 1, IsPro: 0

 COMMAND LINE ARGUMENTS:
E:\Unity\2020.3.0f1\Editor\Unity.exe
-adb2
-batchMode
-noUpm
-name
AssetImportWorker2
-projectPath
D:/Code/LD49
-logFile
Logs/AssetImportWorker2.log
-srvPort
49244
Successfully changed project path to: D:/Code/LD49
D:/Code/LD49
Using Asset Import Pipeline V2.
Refreshing native plugins compatible for Editor in 64.31 ms, found 0 plugins.
Preloading 0 native plugins for Editor in 0.00 ms.
Initialize engine version: 2020.3.0f1 (c7b5465681fb)
[Subsystems] Discovering subsystems at path E:/Unity/2020.3.0f1/Editor/Data/Resources/UnitySubsystems
[Subsystems] Discovering subsystems at path D:/Code/LD49/Assets
GfxDevice: creating device client; threaded=0
Direct3D:
    Version:  Direct3D 11.0 [level 11.1]
    Renderer: NVIDIA GeForce GTX 1060 6GB (ID=0x1c03)
    Vendor:   
    VRAM:     6052 MB
    Driver:   30.0.14.7141
Initialize mono
Mono path[0] = 'E:/Unity/2020.3.0f1/Editor/Data/Managed'
Mono path[1] = 'E:/Unity/2020.3.0f1/Editor/Data/MonoBleedingEdge/lib/mono/unityjit'
Mono config path = 'E:/Unity/2020.3.0f1/Editor/Data/MonoBleedingEdge/etc'
Using monoOptions --debugger-agent=transport=dt_socket,embedding=1,server=y,suspend=n,address=127.0.0.1:56104
Begin MonoManager ReloadAssembly
Registering precompiled unity dll's ...
Register platform support module: E:/Unity/2020.3.0f1/Editor/Data/PlaybackEngines/WebGLSupport/UnityEditor.WebGL.Extensions.dll
Register platform support module: E:/Unity/2020.3.0f1/Editor/Data/PlaybackEngines/WindowsStandaloneSupport/UnityEditor.WindowsStandalone.Extensions.dll
Registered in 0.001127 seconds.
Native extension for WindowsStandalone target not found
Native extension for WebGL target not found
Refreshing native plugins compatible for Editor in 47.83 ms, found 0 plugins.
Preloading 0 native plugins for Editor in 0.00 ms.
Invoked RoslynAnalysisRunner static constructor.
RoslynAnalysisRunner will not be running.
RoslynAnalysisRunner has terminated.
Mono: successfully reloaded assembly
- Completed reload, in  3.334 seconds
Platform modules already initialized, skipping
Registering precompiled user dll's ...
Registered in 0.001058 seconds.
Begin MonoManager ReloadAssembly
Native extension for WindowsStandalone target not found
Native extension for WebGL target not found
Refreshing native plugins compatible for Editor in 41.75 ms, found 0 plugins.
Preloading 0 native plugins for Editor in 0.00 ms.
Invoked RoslynAnalysisRunner static constructor.
RoslynAnalysisRunner will not be running.
RoslynAnalysisRunner has terminated.
Mono: successfully reloaded assembly
- Completed reload, in  0.929 seconds
Platform modules already initialized, skipping
========================================================================
Worker process is ready to serve import requests
Shader 'Universal Render Pipeline/Particles/Lit': fallback shader 'Universal Render Pipeline/Particles/SimpleLit' not found
Shader 'Universal Render Pipeline/Particles/Lit': fallback shader 'Universal Render Pipeline/Particles/SimpleLit' not found
Launched and connected shader compiler UnityShaderCompiler.exe after 0.11 seconds
Refreshing native plugins compatible for Editor in 0.37 ms, found 0 plugins.
Preloading 0 native plugins for Editor in 0.00 ms.
Unloading 2585 Unused Serialized files (Serialized files now loaded: 0)
System memory in use before: 117.9 MB.
System memory in use after: 116.0 MB.

Unloading 43 unused Assets to reduce memory usage. Loaded Objects now: 2998.
Total: 3.211100 ms (FindLiveObjects: 0.271100 ms CreateObjectMapping: 0.148100 ms MarkObjects: 1.809500 ms  DeleteObjects: 0.981100 ms)

========================================================================
Received Import Request.
  path: Assets/Music
  artifactKey: Guid(b7898882943cbfd4980e08561cbd9d56) Importer(815301076,1909f56bfc062723c751e8b465ee728b)
Start importing Assets/Music using Guid(b7898882943cbfd4980e08561cbd9d56) Importer(815301076,1909f56bfc062723c751e8b465ee728b)  -> (artifact id: '21f7bc0b9ecf54f576f70f858d3311d2') in 0.012516 seconds
  Import took 0.025168 seconds .

========================================================================
Received Import Request.
  Time since last request: 0.000240 seconds.
  path: Assets/Music/LD49Main.wav
  artifactKey: Guid(a640fefa7fcd81e418e04d2383598a37) Importer(815301076,1909f56bfc062723c751e8b465ee728b)
Start importing Assets/Music/LD49Main.wav using Guid(a640fefa7fcd81e418e04d2383598a37) Importer(815301076,1909f56bfc062723c751e8b465ee728b)  -> (artifact id: 'cf6ee713eb0ffbb7bc226033652743ac') in 0.173347 seconds
  Import took 0.186753 seconds .

========================================================================
Received Import Request.
  Time since last request: 35.699487 seconds.
  path: Assets/Music/Main.mixer
  artifactKey: Guid(75fc309ee2c0fdf4fbb4551b0ddffe11) Importer(815301076,1909f56bfc062723c751e8b465ee728b)
Start importing Assets/Music/Main.mixer using Guid(75fc309ee2c0fdf4fbb4551b0ddffe11) Importer(815301076,1909f56bfc062723c751e8b465ee728b)  -> (artifact id: '8df8033e425bb05bdb206569c72dc605') in 0.014545 seconds
  Import took 0.035485 seconds .

========================================================================
Received Import Request.
  Time since last request: 0.004711 seconds.
  path: Assets/Music/Main.mixer
  artifactKey: Guid(75fc309ee2c0fdf4fbb4551b0ddffe11) Importer(815301076,1909f56bfc062723c751e8b465ee728b)
Start importing Assets/Music/Main.mixer using Guid(75fc309ee2c0fdf4fbb4551b0ddffe11) Importer(815301076,1909f56bfc062723c751e8b465ee728b)  -> (artifact id: '8df8033e425bb05bdb206569c72dc605') in 0.004518 seconds
  Import took 0.008546 seconds .

========================================================================
Received Import Request.
  Time since last request: 4.168021 seconds.
  path: Assets/Music/Main.mixer
  artifactKey: Guid(75fc309ee2c0fdf4fbb4551b0ddffe11) Importer(815301076,1909f56bfc062723c751e8b465ee728b)
Start importing Assets/Music/Main.mixer using Guid(75fc309ee2c0fdf4fbb4551b0ddffe11) Importer(815301076,1909f56bfc062723c751e8b465ee728b)  -> (artifact id: '6c2827a5b435e1a8c831d0d431f7078e') in 0.003181 seconds
  Import took 0.018346 seconds .

========================================================================
Received Import Request.
  Time since last request: 0.168633 seconds.
  path: Assets/Music/Main.mixer
  artifactKey: Guid(75fc309ee2c0fdf4fbb4551b0ddffe11) Importer(815301076,1909f56bfc062723c751e8b465ee728b)
Start importing Assets/Music/Main.mixer using Guid(75fc309ee2c0fdf4fbb4551b0ddffe11) Importer(815301076,1909f56bfc062723c751e8b465ee728b)  -> (artifact id: '6c2827a5b435e1a8c831d0d431f7078e') in 0.003486 seconds
  Import took 0.007174 seconds .

========================================================================
Received Import Request.
  Time since last request: 3.208068 seconds.
  path: Assets/Music/Main.mixer
  artifactKey: Guid(75fc309ee2c0fdf4fbb4551b0ddffe11) Importer(815301076,1909f56bfc062723c751e8b465ee728b)
Start importing Assets/Music/Main.mixer using Guid(75fc309ee2c0fdf4fbb4551b0ddffe11) Importer(815301076,1909f56bfc062723c751e8b465ee728b)  -> (artifact id: '8a43c232cee9d4e67140ae5732c8001a') in 0.003313 seconds
  Import took 0.014509 seconds .

========================================================================
Received Import Request.
  Time since last request: 15.174302 seconds.
  path: Assets/Scenes/Menu.unity
  artifactKey: Guid(8b8b80433f637984f94790d13c00f7d3) Importer(815301076,1909f56bfc062723c751e8b465ee728b)
Start importing Assets/Scenes/Menu.unity using Guid(8b8b80433f637984f94790d13c00f7d3) Importer(815301076,1909f56bfc062723c751e8b465ee728b)  -> (artifact id: '6133ab537e55bd01ec33de006325f1dd') in 0.010341 seconds
  Import took 0.032627 seconds .

========================================================================
Received Import Request.
  Time since last request: 16.782747 seconds.
  path: Assets/Scripts/Utility/MusicManager.cs
  artifactKey: Guid(59fbbb7ceed9c1a46bca034ee6fecce9) Importer(815301076,1909f56bfc062723c751e8b465ee728b)
Start importing Assets/Scripts/Utility/MusicManager.cs using Guid(59fbbb7ceed9c1a46bca034ee6fecce9) Importer(815301076,1909f56bfc062723c751e8b465ee728b)  -> (artifact id: '54972f6763a82904bfee280bcbd1358c') in 0.017728 seconds
  Import took 0.021655 seconds .

========================================================================
Received Prepare
Registering precompiled user dll's ...
Registered in 0.000942 seconds.
Begin MonoManager ReloadAssembly
Native extension for WindowsStandalone target not found
Native extension for WebGL target not found
Refreshing native plugins compatible for Editor in 0.45 ms, found 0 plugins.
Preloading 0 native plugins for Editor in 0.00 ms.
Invoked RoslynAnalysisRunner static constructor.
RoslynAnalysisRunner will not be running.
RoslynAnalysisRunner has terminated.
Mono: successfully reloaded assembly
- Completed reload, in  0.791 seconds
Platform modules already initialized, skipping
Shader 'Universal Render Pipeline/Particles/Lit': fallback shader 'Universal Render Pipeline/Particles/SimpleLit' not found
Shader 'Universal Render Pipeline/Particles/Lit': fallback shader 'Universal Render Pipeline/Particles/SimpleLit' not found
Refreshing native plugins compatible for Editor in 0.41 ms, found 0 plugins.
Preloading 0 native plugins for Editor in 0.00 ms.
Unloading 2495 Unused Serialized files (Serialized files now loaded: 0)
System memory in use before: 116.6 MB.
System memory in use after: 114.8 MB.

Unloading 39 unused Assets to reduce memory usage. Loaded Objects now: 3011.
Total: 3.416900 ms (FindLiveObjects: 0.310500 ms CreateObjectMapping: 0.176400 ms MarkObjects: 1.929700 ms  DeleteObjects: 0.999200 ms)

========================================================================
Received Prepare
Registering precompiled user dll's ...
Registered in 0.001008 seconds.
Begin MonoManager ReloadAssembly
Native extension for WindowsStandalone target not found
Native extension for WebGL target not found
Refreshing native plugins compatible for Editor in 0.41 ms, found 0 plugins.
Preloading 0 native plugins for Editor in 0.00 ms.
Invoked RoslynAnalysisRunner static constructor.
RoslynAnalysisRunner will not be running.
RoslynAnalysisRunner has terminated.
Mono: successfully reloaded assembly
- Completed reload, in  0.783 seconds
Platform modules already initialized, skipping
Shader 'Universal Render Pipeline/Particles/Lit': fallback shader 'Universal Render Pipeline/Particles/SimpleLit' not found
Shader 'Universal Render Pipeline/Particles/Lit': fallback shader 'Universal Render Pipeline/Particles/SimpleLit' not found
Refreshing native plugins compatible for Editor in 0.38 ms, found 0 plugins.
Preloading 0 native plugins for Editor in 0.00 ms.
Unloading 2495 Unused Serialized files (Serialized files now loaded: 0)
System memory in use before: 116.7 MB.
System memory in use after: 114.8 MB.

Unloading 39 unused Assets to reduce memory usage. Loaded Objects now: 3014.
Total: 3.704900 ms (FindLiveObjects: 0.283100 ms CreateObjectMapping: 0.145800 ms MarkObjects: 2.175100 ms  DeleteObjects: 1.099700 ms)

========================================================================
Received Import Request.
  Time since last request: 112.575371 seconds.
  path: Assets/Scripts/Utility/MusicManager.cs
  artifactKey: Guid(59fbbb7ceed9c1a46bca034ee6fecce9) Importer(815301076,1909f56bfc062723c751e8b465ee728b)
Start importing Assets/Scripts/Utility/MusicManager.cs using Guid(59fbbb7ceed9c1a46bca034ee6fecce9) Importer(815301076,1909f56bfc062723c751e8b465ee728b)  -> (artifact id: '7174db7ac53cd9d829d6429dd78daa59') in 0.004956 seconds
  Import took 0.032530 seconds .

========================================================================
Received Prepare
Registering precompiled user dll's ...
Registered in 0.000996 seconds.
Begin MonoManager ReloadAssembly
Native extension for WindowsStandalone target not found
Native extension for WebGL target not found
Refreshing native plugins compatible for Editor in 0.38 ms, found 0 plugins.
Preloading 0 native plugins for Editor in 0.00 ms.
Invoked RoslynAnalysisRunner static constructor.
RoslynAnalysisRunner will not be running.
RoslynAnalysisRunner has terminated.
Mono: successfully reloaded assembly
- Completed reload, in  0.780 seconds
Platform modules already initialized, skipping
Shader 'Universal Render Pipeline/Particles/Lit': fallback shader 'Universal Render Pipeline/Particles/SimpleLit' not found
Shader 'Universal Render Pipeline/Particles/Lit': fallback shader 'Universal Render Pipeline/Particles/SimpleLit' not found
Refreshing native plugins compatible for Editor in 0.41 ms, found 0 plugins.
Preloading 0 native plugins for Editor in 0.00 ms.
Unloading 2495 Unused Serialized files (Serialized files now loaded: 0)
System memory in use before: 116.7 MB.
System memory in use after: 114.8 MB.

Unloading 39 unused Assets to reduce memory usage. Loaded Objects now: 3017.
Total: 3.567500 ms (FindLiveObjects: 0.269700 ms CreateObjectMapping: 0.148100 ms MarkObjects: 1.946000 ms  DeleteObjects: 1.201900 ms)

========================================================================
Received Prepare
Registering precompiled user dll's ...
Registered in 0.000991 seconds.
Begin MonoManager ReloadAssembly
Native extension for WindowsStandalone target not found
Native extension for WebGL target not found
Refreshing native plugins compatible for Editor in 0.38 ms, found 0 plugins.
Preloading 0 native plugins for Editor in 0.00 ms.
Invoked RoslynAnalysisRunner static constructor.
RoslynAnalysisRunner will not be running.
RoslynAnalysisRunner has terminated.
Mono: successfully reloaded assembly
- Completed reload, in  0.778 seconds
Platform modules already initialized, skipping
Shader 'Universal Render Pipeline/Particles/Lit': fallback shader 'Universal Render Pipeline/Particles/SimpleLit' not found
Shader 'Universal Render Pipeline/Particles/Lit': fallback shader 'Universal Render Pipeline/Particles/SimpleLit' not found
Refreshing native plugins compatible for Editor in 0.38 ms, found 0 plugins.
Preloading 0 native plugins for Editor in 0.00 ms.
Unloading 2495 Unused Serialized files (Serialized files now loaded: 0)
System memory in use before: 116.7 MB.
System memory in use after: 114.8 MB.

Unloading 39 unused Assets to reduce memory usage. Loaded Objects now: 3020.
Total: 3.612800 ms (FindLiveObjects: 0.448400 ms CreateObjectMapping: 0.139200 ms MarkObjects: 1.889700 ms  DeleteObjects: 1.133800 ms)

========================================================================
Received Prepare
Registering precompiled user dll's ...
Registered in 0.000961 seconds.
Begin MonoManager ReloadAssembly
Native extension for WindowsStandalone target not found
Native extension for WebGL target not found
Refreshing native plugins compatible for Editor in 0.38 ms, found 0 plugins.
Preloading 0 native plugins for Editor in 0.00 ms.
Invoked RoslynAnalysisRunner static constructor.
RoslynAnalysisRunner will not be running.
RoslynAnalysisRunner has terminated.
Mono: successfully reloaded assembly
- Completed reload, in  0.783 seconds
Platform modules already initialized, skipping
Shader 'Universal Render Pipeline/Particles/Lit': fallback shader 'Universal Render Pipeline/Particles/SimpleLit' not found
Shader 'Universal Render Pipeline/Particles/Lit': fallback shader 'Universal Render Pipeline/Particles/SimpleLit' not found
Refreshing native plugins compatible for Editor in 0.38 ms, found 0 plugins.
Preloading 0 native plugins for Editor in 0.00 ms.
Unloading 2495 Unused Serialized files (Serialized files now loaded: 0)
System memory in use before: 116.7 MB.
System memory in use after: 114.8 MB.

Unloading 39 unused Assets to reduce memory usage. Loaded Objects now: 3023.
Total: 3.432400 ms (FindLiveObjects: 0.370400 ms CreateObjectMapping: 0.235600 ms MarkObjects: 1.657800 ms  DeleteObjects: 1.165000 ms)

========================================================================
Received Prepare
Registering precompiled user dll's ...
Registered in 0.001108 seconds.
Begin MonoManager ReloadAssembly
Native extension for WindowsStandalone target not found
Native extension for WebGL target not found
Refreshing native plugins compatible for Editor in 0.47 ms, found 0 plugins.
Preloading 0 native plugins for Editor in 0.00 ms.
Invoked RoslynAnalysisRunner static constructor.
RoslynAnalysisRunner will not be running.
RoslynAnalysisRunner has terminated.
Mono: successfully reloaded assembly
- Completed reload, in  0.781 seconds
Platform modules already initialized, skipping
Shader 'Universal Render Pipeline/Particles/Lit': fallback shader 'Universal Render Pipeline/Particles/SimpleLit' not found
Shader 'Universal Render Pipeline/Particles/Lit': fallback shader 'Universal Render Pipeline/Particles/SimpleLit' not found
Refreshing native plugins compatible for Editor in 0.39 ms, found 0 plugins.
Preloading 0 native plugins for Editor in 0.00 ms.
Unloading 2495 Unused Serialized files (Serialized files now loaded: 0)
System memory in use before: 116.8 MB.
System memory in use after: 114.9 MB.

Unloading 39 unused Assets to reduce memory usage. Loaded Objects now: 3026.
Total: 4.350400 ms (FindLiveObjects: 0.308500 ms CreateObjectMapping: 0.153900 ms MarkObjects: 2.729700 ms  DeleteObjects: 1.157000 ms)

========================================================================
Received Prepare
Registering precompiled user dll's ...
Registered in 0.001016 seconds.
Begin MonoManager ReloadAssembly
Native extension for WindowsStandalone target not found
Native extension for WebGL target not found
Refreshing native plugins compatible for Editor in 0.41 ms, found 0 plugins.
Preloading 0 native plugins for Editor in 0.00 ms.
Invoked RoslynAnalysisRunner static constructor.
RoslynAnalysisRunner will not be running.
RoslynAnalysisRunner has terminated.
Mono: successfully reloaded assembly
- Completed reload, in  0.736 seconds
Platform modules already initialized, skipping
Shader 'Universal Render Pipeline/Particles/Lit': fallback shader 'Universal Render Pipeline/Particles/SimpleLit' not found
Shader 'Universal Render Pipeline/Particles/Lit': fallback shader 'Universal Render Pipeline/Particles/SimpleLit' not found
Refreshing native plugins compatible for Editor in 0.38 ms, found 0 plugins.
Preloading 0 native plugins for Editor in 0.00 ms.
Unloading 2495 Unused Serialized files (Serialized files now loaded: 0)
System memory in use before: 116.8 MB.
System memory in use after: 114.9 MB.

Unloading 39 unused Assets to reduce memory usage. Loaded Objects now: 3029.
Total: 3.370900 ms (FindLiveObjects: 0.360200 ms CreateObjectMapping: 0.228500 ms MarkObjects: 1.646000 ms  DeleteObjects: 1.134100 ms)

========================================================================
Received Prepare
Registering precompiled user dll's ...
Registered in 0.000989 seconds.
Begin MonoManager ReloadAssembly
Native extension for WindowsStandalone target not found
Native extension for WebGL target not found
Refreshing native plugins compatible for Editor in 0.40 ms, found 0 plugins.
Preloading 0 native plugins for Editor in 0.00 ms.
Invoked RoslynAnalysisRunner static constructor.
RoslynAnalysisRunner will not be running.
RoslynAnalysisRunner has terminated.
Mono: successfully reloaded assembly
- Completed reload, in  0.800 seconds
Platform modules already initialized, skipping
Shader 'Universal Render Pipeline/Particles/Lit': fallback shader 'Universal Render Pipeline/Particles/SimpleLit' not found
Shader 'Universal Render Pipeline/Particles/Lit': fallback shader 'Universal Render Pipeline/Particles/SimpleLit' not found
Refreshing native plugins compatible for Editor in 0.38 ms, found 0 plugins.
Preloading 0 native plugins for Editor in 0.00 ms.
Unloading 2495 Unused Serialized files (Serialized files now loaded: 0)
System memory in use before: 116.8 MB.
System memory in use after: 114.9 MB.

Unloading 39 unused Assets to reduce memory usage. Loaded Objects now: 3032.
Total: 3.595000 ms (FindLiveObjects: 0.501700 ms CreateObjectMapping: 0.129200 ms MarkObjects: 1.786200 ms  DeleteObjects: 1.176000 ms)

========================================================================
Received Prepare
Shader 'Universal Render Pipeline/Particles/Lit': fallback shader 'Universal Render Pipeline/Particles/SimpleLit' not found
Shader 'Universal Render Pipeline/Particles/Lit': fallback shader 'Universal Render Pipeline/Particles/SimpleLit' not found
Refreshing native plugins compatible for Editor in 0.88 ms, found 0 plugins.
Preloading 0 native plugins for Editor in 0.00 ms.
Unloading 36 Unused Serialized files (Serialized files now loaded: 0)
System memory in use before: 68.2 MB.
System memory in use after: 66.3 MB.

Unloading 36 unused Assets to reduce memory usage. Loaded Objects now: 3032.
Total: 3.765700 ms (FindLiveObjects: 0.393500 ms CreateObjectMapping: 0.168800 ms MarkObjects: 1.967900 ms  DeleteObjects: 1.233700 ms)

========================================================================
Received Import Request.
  Time since last request: 8929.125489 seconds.
  path: Assets/Settings/UniversalRP-LowQuality.asset
  artifactKey: Guid(a31e9f9f9c9d4b9429ed0d1234e22103) Importer(815301076,1909f56bfc062723c751e8b465ee728b)
Start importing Assets/Settings/UniversalRP-LowQuality.asset using Guid(a31e9f9f9c9d4b9429ed0d1234e22103) Importer(815301076,1909f56bfc062723c751e8b465ee728b)  -> (artifact id: '20d105dcee8799474f069ed376e2d854') in 0.021242 seconds
  Import took 0.051384 seconds .

========================================================================
Received Import Request.
  Time since last request: 0.000220 seconds.
  path: Assets/Settings/UniversalRP-MediumQuality.asset
  artifactKey: Guid(d847b876476d3d6468f5dfcd34266f96) Importer(815301076,1909f56bfc062723c751e8b465ee728b)
Start importing Assets/Settings/UniversalRP-MediumQuality.asset using Guid(d847b876476d3d6468f5dfcd34266f96) Importer(815301076,1909f56bfc062723c751e8b465ee728b)  -> (artifact id: '94cdd8c3ed1bc81ff5e4f8fe385c1bde') in 0.007867 seconds
  Import took 0.019778 seconds .

========================================================================
Received Import Request.
  Time since last request: 0.308728 seconds.
  path: Assets/Settings/UniversalRP-LowQuality.asset
  artifactKey: Guid(a31e9f9f9c9d4b9429ed0d1234e22103) Importer(815301076,1909f56bfc062723c751e8b465ee728b)
Start importing Assets/Settings/UniversalRP-LowQuality.asset using Guid(a31e9f9f9c9d4b9429ed0d1234e22103) Importer(815301076,1909f56bfc062723c751e8b465ee728b)  -> (artifact id: '20d105dcee8799474f069ed376e2d854') in 0.003523 seconds
  Import took 0.008719 seconds .

========================================================================
Received Prepare
Shader 'Universal Render Pipeline/Particles/Lit': fallback shader 'Universal Render Pipeline/Particles/SimpleLit' not found
Shader 'Universal Render Pipeline/Particles/Lit': fallback shader 'Universal Render Pipeline/Particles/SimpleLit' not found
Refreshing native plugins compatible for Editor in 1.14 ms, found 0 plugins.
Preloading 0 native plugins for Editor in 0.00 ms.
Unloading 36 Unused Serialized files (Serialized files now loaded: 0)
System memory in use before: 68.2 MB.
System memory in use after: 66.3 MB.

Unloading 36 unused Assets to reduce memory usage. Loaded Objects now: 3032.
Total: 7.914600 ms (FindLiveObjects: 0.336000 ms CreateObjectMapping: 0.164500 ms MarkObjects: 4.862900 ms  DeleteObjects: 2.548900 ms)

========================================================================
Received Prepare
Registering precompiled user dll's ...
Registered in 0.001123 seconds.
Begin MonoManager ReloadAssembly
Native extension for WindowsStandalone target not found
Native extension for WebGL target not found
Refreshing native plugins compatible for Editor in 0.43 ms, found 0 plugins.
Preloading 0 native plugins for Editor in 0.00 ms.
Invoked RoslynAnalysisRunner static constructor.
RoslynAnalysisRunner will not be running.
RoslynAnalysisRunner has terminated.
Mono: successfully reloaded assembly
- Completed reload, in  0.934 seconds
Platform modules already initialized, skipping
Shader 'Universal Render Pipeline/Particles/Lit': fallback shader 'Universal Render Pipeline/Particles/SimpleLit' not found
Shader 'Universal Render Pipeline/Particles/Lit': fallback shader 'Universal Render Pipeline/Particles/SimpleLit' not found
Refreshing native plugins compatible for Editor in 0.41 ms, found 0 plugins.
Preloading 0 native plugins for Editor in 0.00 ms.
Unloading 2495 Unused Serialized files (Serialized files now loaded: 0)
System memory in use before: 116.8 MB.
System memory in use after: 114.9 MB.

Unloading 39 unused Assets to reduce memory usage. Loaded Objects now: 3035.
Total: 3.758000 ms (FindLiveObjects: 0.273400 ms CreateObjectMapping: 0.144500 ms MarkObjects: 2.118300 ms  DeleteObjects: 1.220200 ms)

========================================================================
Received Prepare
Shader 'Universal Render Pipeline/Particles/Lit': fallback shader 'Universal Render Pipeline/Particles/SimpleLit' not found
Shader 'Universal Render Pipeline/Particles/Lit': fallback shader 'Universal Render Pipeline/Particles/SimpleLit' not found
Refreshing native plugins compatible for Editor in 1.12 ms, found 0 plugins.
Preloading 0 native plugins for Editor in 0.00 ms.
Unloading 36 Unused Serialized files (Serialized files now loaded: 0)
System memory in use before: 68.2 MB.
System memory in use after: 66.3 MB.

Unloading 36 unused Assets to reduce memory usage. Loaded Objects now: 3035.
Total: 4.113500 ms (FindLiveObjects: 0.290700 ms CreateObjectMapping: 0.127100 ms MarkObjects: 2.511500 ms  DeleteObjects: 1.182700 ms)

========================================================================
Received Prepare
Shader 'Universal Render Pipeline/Particles/Lit': fallback shader 'Universal Render Pipeline/Particles/SimpleLit' not found
Shader 'Universal Render Pipeline/Particles/Lit': fallback shader 'Universal Render Pipeline/Particles/SimpleLit' not found
Refreshing native plugins compatible for Editor in 1.45 ms, found 0 plugins.
Preloading 0 native plugins for Editor in 0.00 ms.
Unloading 36 Unused Serialized files (Serialized files now loaded: 0)
System memory in use before: 68.2 MB.
System memory in use after: 66.3 MB.

Unloading 36 unused Assets to reduce memory usage. Loaded Objects now: 3035.
Total: 3.872100 ms (FindLiveObjects: 0.423000 ms CreateObjectMapping: 0.180500 ms MarkObjects: 1.984900 ms  DeleteObjects: 1.282400 ms)

========================================================================
Received Prepare
Shader 'Universal Render Pipeline/Particles/Lit': fallback shader 'Universal Render Pipeline/Particles/SimpleLit' not found
Shader 'Universal Render Pipeline/Particles/Lit': fallback shader 'Universal Render Pipeline/Particles/SimpleLit' not found
Refreshing native plugins compatible for Editor in 1.10 ms, found 0 plugins.
Preloading 0 native plugins for Editor in 0.00 ms.
Unloading 36 Unused Serialized files (Serialized files now loaded: 0)
System memory in use before: 68.2 MB.
System memory in use after: 66.3 MB.

Unloading 36 unused Assets to reduce memory usage. Loaded Objects now: 3035.
Total: 4.077300 ms (FindLiveObjects: 0.310000 ms CreateObjectMapping: 0.146700 ms MarkObjects: 2.436300 ms  DeleteObjects: 1.183200 ms)

========================================================================
Received Prepare
Registering precompiled user dll's ...
Registered in 0.001689 seconds.
Begin MonoManager ReloadAssembly
Native extension for WindowsStandalone target not found
Native extension for WebGL target not found
Refreshing native plugins compatible for Editor in 0.39 ms, found 0 plugins.
Preloading 0 native plugins for Editor in 0.00 ms.
Invoked RoslynAnalysisRunner static constructor.
RoslynAnalysisRunner will not be running.
RoslynAnalysisRunner has terminated.
Mono: successfully reloaded assembly
- Completed reload, in  0.947 seconds
Platform modules already initialized, skipping
Shader 'Universal Render Pipeline/Particles/Lit': fallback shader 'Universal Render Pipeline/Particles/SimpleLit' not found
Shader 'Universal Render Pipeline/Particles/Lit': fallback shader 'Universal Render Pipeline/Particles/SimpleLit' not found
Refreshing native plugins compatible for Editor in 0.43 ms, found 0 plugins.
Preloading 0 native plugins for Editor in 0.00 ms.
Unloading 2495 Unused Serialized files (Serialized files now loaded: 0)
System memory in use before: 116.7 MB.
System memory in use after: 114.8 MB.

Unloading 39 unused Assets to reduce memory usage. Loaded Objects now: 3038.
Total: 4.357700 ms (FindLiveObjects: 0.381500 ms CreateObjectMapping: 0.262200 ms MarkObjects: 2.174000 ms  DeleteObjects: 1.537000 ms)

AssetImportWorkerClient::OnTransportError - code=2 error=End of file
