Using pre-set license
Built from '2020.3/staging' branch; Version is '2020.3.0f1 (c7b5465681fb) revision 13088070'; Using compiler version '192528614'; Build Type 'Release'
OS: 'Windows 10 Pro; OS build 22000.194; Version 2009; 64bit' Language: 'en' Physical Memory: 16333 MB
BatchMode: 1, IsHumanControllingUs: 0, StartBugReporterOnCrash: 0, Is64bit: 1, IsPro: 0

 COMMAND LINE ARGUMENTS:
E:\Unity\2020.3.0f1\Editor\Unity.exe
-adb2
-batchMode
-noUpm
-name
AssetImportWorker1
-projectPath
D:/Code/LD49
-logFile
Logs/AssetImportWorker1.log
-srvPort
49244
Successfully changed project path to: D:/Code/LD49
D:/Code/LD49
Using Asset Import Pipeline V2.
Refreshing native plugins compatible for Editor in 52.14 ms, found 0 plugins.
Preloading 0 native plugins for Editor in 0.00 ms.
Initialize engine version: 2020.3.0f1 (c7b5465681fb)
[Subsystems] Discovering subsystems at path E:/Unity/2020.3.0f1/Editor/Data/Resources/UnitySubsystems
[Subsystems] Discovering subsystems at path D:/Code/LD49/Assets
GfxDevice: creating device client; threaded=0
Direct3D:
    Version:  Direct3D 11.0 [level 11.1]
    Renderer: NVIDIA GeForce GTX 1060 6GB (ID=0x1c03)
    Vendor:   
    VRAM:     6052 MB
    Driver:   30.0.14.7141
Initialize mono
Mono path[0] = 'E:/Unity/2020.3.0f1/Editor/Data/Managed'
Mono path[1] = 'E:/Unity/2020.3.0f1/Editor/Data/MonoBleedingEdge/lib/mono/unityjit'
Mono config path = 'E:/Unity/2020.3.0f1/Editor/Data/MonoBleedingEdge/etc'
Using monoOptions --debugger-agent=transport=dt_socket,embedding=1,server=y,suspend=n,address=127.0.0.1:56432
Begin MonoManager ReloadAssembly
Registering precompiled unity dll's ...
Register platform support module: E:/Unity/2020.3.0f1/Editor/Data/PlaybackEngines/WebGLSupport/UnityEditor.WebGL.Extensions.dll
Register platform support module: E:/Unity/2020.3.0f1/Editor/Data/PlaybackEngines/WindowsStandaloneSupport/UnityEditor.WindowsStandalone.Extensions.dll
Registered in 0.001170 seconds.
Native extension for WindowsStandalone target not found
Native extension for WebGL target not found
Refreshing native plugins compatible for Editor in 52.24 ms, found 0 plugins.
Preloading 0 native plugins for Editor in 0.00 ms.
Invoked RoslynAnalysisRunner static constructor.
RoslynAnalysisRunner will not be running.
RoslynAnalysisRunner has terminated.
Mono: successfully reloaded assembly
- Completed reload, in  1.727 seconds
Platform modules already initialized, skipping
Registering precompiled user dll's ...
Registered in 0.001298 seconds.
Begin MonoManager ReloadAssembly
Native extension for WindowsStandalone target not found
Native extension for WebGL target not found
Refreshing native plugins compatible for Editor in 48.00 ms, found 0 plugins.
Preloading 0 native plugins for Editor in 0.00 ms.
Invoked RoslynAnalysisRunner static constructor.
RoslynAnalysisRunner will not be running.
RoslynAnalysisRunner has terminated.
Mono: successfully reloaded assembly
- Completed reload, in  1.114 seconds
Platform modules already initialized, skipping
========================================================================
Worker process is ready to serve import requests
Shader 'Universal Render Pipeline/Particles/Lit': fallback shader 'Universal Render Pipeline/Particles/SimpleLit' not found
Shader 'Universal Render Pipeline/Particles/Lit': fallback shader 'Universal Render Pipeline/Particles/SimpleLit' not found
Launched and connected shader compiler UnityShaderCompiler.exe after 0.11 seconds
Refreshing native plugins compatible for Editor in 0.59 ms, found 0 plugins.
Preloading 0 native plugins for Editor in 0.00 ms.
Unloading 2567 Unused Serialized files (Serialized files now loaded: 0)
System memory in use before: 116.3 MB.
System memory in use after: 114.4 MB.

Unloading 44 unused Assets to reduce memory usage. Loaded Objects now: 2976.
Total: 4.063600 ms (FindLiveObjects: 0.295500 ms CreateObjectMapping: 0.292600 ms MarkObjects: 1.878500 ms  DeleteObjects: 1.595700 ms)

========================================================================
Received Import Request.
  path: Assets/Prefabs/Player.prefab
  artifactKey: Guid(57ffd3b444e6173428021b630aa61a6a) Importer(815301076,1909f56bfc062723c751e8b465ee728b)
Start importing Assets/Prefabs/Player.prefab using Guid(57ffd3b444e6173428021b630aa61a6a) Importer(815301076,1909f56bfc062723c751e8b465ee728b)  -> (artifact id: '65de59945a4aa9f541d01fda59c4218b') in 0.293969 seconds
  Import took 0.310528 seconds .

========================================================================
Received Prepare
Registering precompiled user dll's ...
Registered in 0.000965 seconds.
Begin MonoManager ReloadAssembly
Native extension for WindowsStandalone target not found
Native extension for WebGL target not found
Refreshing native plugins compatible for Editor in 0.42 ms, found 0 plugins.
Preloading 0 native plugins for Editor in 0.00 ms.
Invoked RoslynAnalysisRunner static constructor.
RoslynAnalysisRunner will not be running.
RoslynAnalysisRunner has terminated.
Mono: successfully reloaded assembly
- Completed reload, in  0.851 seconds
Platform modules already initialized, skipping
Shader 'Universal Render Pipeline/Particles/Lit': fallback shader 'Universal Render Pipeline/Particles/SimpleLit' not found
Shader 'Universal Render Pipeline/Particles/Lit': fallback shader 'Universal Render Pipeline/Particles/SimpleLit' not found
Refreshing native plugins compatible for Editor in 0.38 ms, found 0 plugins.
Preloading 0 native plugins for Editor in 0.00 ms.
Unloading 2489 Unused Serialized files (Serialized files now loaded: 0)
System memory in use before: 118.3 MB.
System memory in use after: 116.4 MB.

Unloading 39 unused Assets to reduce memory usage. Loaded Objects now: 3025.
Total: 3.281500 ms (FindLiveObjects: 0.278700 ms CreateObjectMapping: 0.123600 ms MarkObjects: 1.882200 ms  DeleteObjects: 0.996100 ms)

========================================================================
Received Prepare
Registering precompiled user dll's ...
Registered in 0.000960 seconds.
Begin MonoManager ReloadAssembly
Native extension for WindowsStandalone target not found
Native extension for WebGL target not found
Refreshing native plugins compatible for Editor in 0.38 ms, found 0 plugins.
Preloading 0 native plugins for Editor in 0.00 ms.
Invoked RoslynAnalysisRunner static constructor.
RoslynAnalysisRunner will not be running.
RoslynAnalysisRunner has terminated.
Mono: successfully reloaded assembly
- Completed reload, in  0.806 seconds
Platform modules already initialized, skipping
Shader 'Universal Render Pipeline/Particles/Lit': fallback shader 'Universal Render Pipeline/Particles/SimpleLit' not found
Shader 'Universal Render Pipeline/Particles/Lit': fallback shader 'Universal Render Pipeline/Particles/SimpleLit' not found
Refreshing native plugins compatible for Editor in 0.38 ms, found 0 plugins.
Preloading 0 native plugins for Editor in 0.00 ms.
Unloading 2489 Unused Serialized files (Serialized files now loaded: 0)
System memory in use before: 118.3 MB.
System memory in use after: 116.4 MB.

Unloading 39 unused Assets to reduce memory usage. Loaded Objects now: 3028.
Total: 4.562800 ms (FindLiveObjects: 0.268300 ms CreateObjectMapping: 0.134500 ms MarkObjects: 3.014700 ms  DeleteObjects: 1.144200 ms)

========================================================================
Received Prepare
Registering precompiled user dll's ...
Registered in 0.000985 seconds.
Begin MonoManager ReloadAssembly
Native extension for WindowsStandalone target not found
Native extension for WebGL target not found
Refreshing native plugins compatible for Editor in 0.41 ms, found 0 plugins.
Preloading 0 native plugins for Editor in 0.00 ms.
Invoked RoslynAnalysisRunner static constructor.
RoslynAnalysisRunner will not be running.
RoslynAnalysisRunner has terminated.
Mono: successfully reloaded assembly
- Completed reload, in  0.947 seconds
Platform modules already initialized, skipping
Shader 'Universal Render Pipeline/Particles/Lit': fallback shader 'Universal Render Pipeline/Particles/SimpleLit' not found
Shader 'Universal Render Pipeline/Particles/Lit': fallback shader 'Universal Render Pipeline/Particles/SimpleLit' not found
Refreshing native plugins compatible for Editor in 0.42 ms, found 0 plugins.
Preloading 0 native plugins for Editor in 0.00 ms.
Unloading 2489 Unused Serialized files (Serialized files now loaded: 0)
System memory in use before: 118.3 MB.
System memory in use after: 116.5 MB.

Unloading 39 unused Assets to reduce memory usage. Loaded Objects now: 3031.
Total: 3.896600 ms (FindLiveObjects: 0.569800 ms CreateObjectMapping: 0.180600 ms MarkObjects: 1.762600 ms  DeleteObjects: 1.382500 ms)

========================================================================
Received Prepare
Registering precompiled user dll's ...
Registered in 0.000979 seconds.
Begin MonoManager ReloadAssembly
Native extension for WindowsStandalone target not found
Native extension for WebGL target not found
Refreshing native plugins compatible for Editor in 0.39 ms, found 0 plugins.
Preloading 0 native plugins for Editor in 0.00 ms.
Invoked RoslynAnalysisRunner static constructor.
RoslynAnalysisRunner will not be running.
RoslynAnalysisRunner has terminated.
Mono: successfully reloaded assembly
- Completed reload, in  0.950 seconds
Platform modules already initialized, skipping
Shader 'Universal Render Pipeline/Particles/Lit': fallback shader 'Universal Render Pipeline/Particles/SimpleLit' not found
Shader 'Universal Render Pipeline/Particles/Lit': fallback shader 'Universal Render Pipeline/Particles/SimpleLit' not found
Refreshing native plugins compatible for Editor in 0.40 ms, found 0 plugins.
Preloading 0 native plugins for Editor in 0.00 ms.
Unloading 2489 Unused Serialized files (Serialized files now loaded: 0)
System memory in use before: 118.4 MB.
System memory in use after: 116.5 MB.

Unloading 39 unused Assets to reduce memory usage. Loaded Objects now: 3034.
Total: 3.501200 ms (FindLiveObjects: 0.271200 ms CreateObjectMapping: 0.143600 ms MarkObjects: 1.806500 ms  DeleteObjects: 1.278200 ms)

========================================================================
Received Prepare
Registering precompiled user dll's ...
Registered in 0.001068 seconds.
Begin MonoManager ReloadAssembly
Native extension for WindowsStandalone target not found
Native extension for WebGL target not found
Refreshing native plugins compatible for Editor in 0.39 ms, found 0 plugins.
Preloading 0 native plugins for Editor in 0.00 ms.
Invoked RoslynAnalysisRunner static constructor.
RoslynAnalysisRunner will not be running.
RoslynAnalysisRunner has terminated.
Mono: successfully reloaded assembly
- Completed reload, in  0.838 seconds
Platform modules already initialized, skipping
Shader 'Universal Render Pipeline/Particles/Lit': fallback shader 'Universal Render Pipeline/Particles/SimpleLit' not found
Shader 'Universal Render Pipeline/Particles/Lit': fallback shader 'Universal Render Pipeline/Particles/SimpleLit' not found
Refreshing native plugins compatible for Editor in 0.38 ms, found 0 plugins.
Preloading 0 native plugins for Editor in 0.00 ms.
Unloading 2489 Unused Serialized files (Serialized files now loaded: 0)
System memory in use before: 118.3 MB.
System memory in use after: 116.4 MB.

Unloading 39 unused Assets to reduce memory usage. Loaded Objects now: 3037.
Total: 4.423900 ms (FindLiveObjects: 0.493400 ms CreateObjectMapping: 0.238600 ms MarkObjects: 2.563600 ms  DeleteObjects: 1.127100 ms)

========================================================================
Received Prepare
Registering precompiled user dll's ...
Registered in 0.001093 seconds.
Begin MonoManager ReloadAssembly
Native extension for WindowsStandalone target not found
Native extension for WebGL target not found
Refreshing native plugins compatible for Editor in 0.38 ms, found 0 plugins.
Preloading 0 native plugins for Editor in 0.00 ms.
Invoked RoslynAnalysisRunner static constructor.
RoslynAnalysisRunner will not be running.
RoslynAnalysisRunner has terminated.
Mono: successfully reloaded assembly
- Completed reload, in  0.867 seconds
Platform modules already initialized, skipping
Shader 'Universal Render Pipeline/Particles/Lit': fallback shader 'Universal Render Pipeline/Particles/SimpleLit' not found
Shader 'Universal Render Pipeline/Particles/Lit': fallback shader 'Universal Render Pipeline/Particles/SimpleLit' not found
Refreshing native plugins compatible for Editor in 0.46 ms, found 0 plugins.
Preloading 0 native plugins for Editor in 0.00 ms.
Unloading 2489 Unused Serialized files (Serialized files now loaded: 0)
System memory in use before: 118.4 MB.
System memory in use after: 116.5 MB.

Unloading 39 unused Assets to reduce memory usage. Loaded Objects now: 3040.
Total: 4.040400 ms (FindLiveObjects: 0.465800 ms CreateObjectMapping: 0.250200 ms MarkObjects: 2.070300 ms  DeleteObjects: 1.252000 ms)

========================================================================
Received Import Request.
  Time since last request: 646.880162 seconds.
  path: Assets/Prefabs/Neutron.prefab
  artifactKey: Guid(2b611f567f09c9e4ca63f74bd101b702) Importer(815301076,1909f56bfc062723c751e8b465ee728b)
Start importing Assets/Prefabs/Neutron.prefab using Guid(2b611f567f09c9e4ca63f74bd101b702) Importer(815301076,1909f56bfc062723c751e8b465ee728b)  -> (artifact id: 'b22216713374d882911448114071a6a5') in 0.164993 seconds
  Import took 0.169427 seconds .

========================================================================
Received Import Request.
  Time since last request: 0.000318 seconds.
  path: Assets/Prefabs/Proton.prefab
  artifactKey: Guid(7b654629e1d00ce49b9038c52b049541) Importer(815301076,1909f56bfc062723c751e8b465ee728b)
Start importing Assets/Prefabs/Proton.prefab using Guid(7b654629e1d00ce49b9038c52b049541) Importer(815301076,1909f56bfc062723c751e8b465ee728b)  -> (artifact id: '67d1f2efded9cc48645c4765d6ae60f3') in 0.016093 seconds
  Import took 0.020438 seconds .

========================================================================
Received Import Request.
  Time since last request: 0.000315 seconds.
  path: Assets/Prefabs/Player.prefab
  artifactKey: Guid(57ffd3b444e6173428021b630aa61a6a) Importer(815301076,1909f56bfc062723c751e8b465ee728b)
Start importing Assets/Prefabs/Player.prefab using Guid(57ffd3b444e6173428021b630aa61a6a) Importer(815301076,1909f56bfc062723c751e8b465ee728b)  -> (artifact id: '65eca84c084192b6e343d5d466794098') in 0.016023 seconds
  Import took 0.019678 seconds .

========================================================================
Received Import Request.
  Time since last request: 2.157125 seconds.
  path: Assets/Prefabs/Neutron.prefab
  artifactKey: Guid(2b611f567f09c9e4ca63f74bd101b702) Importer(815301076,1909f56bfc062723c751e8b465ee728b)
Start importing Assets/Prefabs/Neutron.prefab using Guid(2b611f567f09c9e4ca63f74bd101b702) Importer(815301076,1909f56bfc062723c751e8b465ee728b)  -> (artifact id: 'b22216713374d882911448114071a6a5') in 0.011435 seconds
  Import took 0.015832 seconds .

========================================================================
Received Prepare
Registering precompiled user dll's ...
Registered in 0.000981 seconds.
Begin MonoManager ReloadAssembly
Native extension for WindowsStandalone target not found
Native extension for WebGL target not found
Refreshing native plugins compatible for Editor in 0.38 ms, found 0 plugins.
Preloading 0 native plugins for Editor in 0.00 ms.
Invoked RoslynAnalysisRunner static constructor.
RoslynAnalysisRunner will not be running.
RoslynAnalysisRunner has terminated.
Mono: successfully reloaded assembly
- Completed reload, in  0.839 seconds
Platform modules already initialized, skipping
Shader 'Universal Render Pipeline/Particles/Lit': fallback shader 'Universal Render Pipeline/Particles/SimpleLit' not found
Shader 'Universal Render Pipeline/Particles/Lit': fallback shader 'Universal Render Pipeline/Particles/SimpleLit' not found
Refreshing native plugins compatible for Editor in 0.38 ms, found 0 plugins.
Preloading 0 native plugins for Editor in 0.00 ms.
Unloading 2489 Unused Serialized files (Serialized files now loaded: 0)
System memory in use before: 118.5 MB.
System memory in use after: 116.6 MB.

Unloading 39 unused Assets to reduce memory usage. Loaded Objects now: 3079.
Total: 4.568500 ms (FindLiveObjects: 0.374700 ms CreateObjectMapping: 0.150700 ms MarkObjects: 2.454900 ms  DeleteObjects: 1.586000 ms)

========================================================================
Received Prepare
Registering precompiled user dll's ...
Registered in 0.000974 seconds.
Begin MonoManager ReloadAssembly
Native extension for WindowsStandalone target not found
Native extension for WebGL target not found
Refreshing native plugins compatible for Editor in 0.38 ms, found 0 plugins.
Preloading 0 native plugins for Editor in 0.00 ms.
Invoked RoslynAnalysisRunner static constructor.
RoslynAnalysisRunner will not be running.
RoslynAnalysisRunner has terminated.
Mono: successfully reloaded assembly
- Completed reload, in  0.818 seconds
Platform modules already initialized, skipping
Shader 'Universal Render Pipeline/Particles/Lit': fallback shader 'Universal Render Pipeline/Particles/SimpleLit' not found
Shader 'Universal Render Pipeline/Particles/Lit': fallback shader 'Universal Render Pipeline/Particles/SimpleLit' not found
Refreshing native plugins compatible for Editor in 0.77 ms, found 0 plugins.
Preloading 0 native plugins for Editor in 0.00 ms.
Unloading 2489 Unused Serialized files (Serialized files now loaded: 0)
System memory in use before: 118.5 MB.
System memory in use after: 116.7 MB.

Unloading 39 unused Assets to reduce memory usage. Loaded Objects now: 3082.
Total: 4.246400 ms (FindLiveObjects: 0.300600 ms CreateObjectMapping: 0.151500 ms MarkObjects: 2.594100 ms  DeleteObjects: 1.199000 ms)

========================================================================
Received Prepare
Registering precompiled user dll's ...
Registered in 0.001646 seconds.
Begin MonoManager ReloadAssembly
Native extension for WindowsStandalone target not found
Native extension for WebGL target not found
Refreshing native plugins compatible for Editor in 0.41 ms, found 0 plugins.
Preloading 0 native plugins for Editor in 0.00 ms.
Invoked RoslynAnalysisRunner static constructor.
RoslynAnalysisRunner will not be running.
RoslynAnalysisRunner has terminated.
Mono: successfully reloaded assembly
- Completed reload, in  0.820 seconds
Platform modules already initialized, skipping
Shader 'Universal Render Pipeline/Particles/Lit': fallback shader 'Universal Render Pipeline/Particles/SimpleLit' not found
Shader 'Universal Render Pipeline/Particles/Lit': fallback shader 'Universal Render Pipeline/Particles/SimpleLit' not found
Refreshing native plugins compatible for Editor in 0.38 ms, found 0 plugins.
Preloading 0 native plugins for Editor in 0.00 ms.
Unloading 2489 Unused Serialized files (Serialized files now loaded: 0)
System memory in use before: 118.5 MB.
System memory in use after: 116.7 MB.

Unloading 39 unused Assets to reduce memory usage. Loaded Objects now: 3085.
Total: 3.600500 ms (FindLiveObjects: 0.284600 ms CreateObjectMapping: 0.108900 ms MarkObjects: 2.021400 ms  DeleteObjects: 1.184400 ms)

========================================================================
Received Import Request.
  Time since last request: 133.040559 seconds.
  path: Assets/Prefabs/Proton.prefab
  artifactKey: Guid(7b654629e1d00ce49b9038c52b049541) Importer(815301076,1909f56bfc062723c751e8b465ee728b)
Start importing Assets/Prefabs/Proton.prefab using Guid(7b654629e1d00ce49b9038c52b049541) Importer(815301076,1909f56bfc062723c751e8b465ee728b)  -> (artifact id: '9db5eff55f9d604b56981e084fe3f0ad') in 0.174776 seconds
  Import took 0.178878 seconds .

========================================================================
Received Import Request.
  Time since last request: 0.000287 seconds.
  path: Assets/Prefabs/Player.prefab
  artifactKey: Guid(57ffd3b444e6173428021b630aa61a6a) Importer(815301076,1909f56bfc062723c751e8b465ee728b)
Start importing Assets/Prefabs/Player.prefab using Guid(57ffd3b444e6173428021b630aa61a6a) Importer(815301076,1909f56bfc062723c751e8b465ee728b)  -> (artifact id: '4c9c600f6437a969b385a3b32d42a9d2') in 0.009055 seconds
  Import took 0.013673 seconds .

========================================================================
Received Import Request.
  Time since last request: 1.423853 seconds.
  path: Assets/Prefabs/Neutron.prefab
  artifactKey: Guid(2b611f567f09c9e4ca63f74bd101b702) Importer(815301076,1909f56bfc062723c751e8b465ee728b)
Start importing Assets/Prefabs/Neutron.prefab using Guid(2b611f567f09c9e4ca63f74bd101b702) Importer(815301076,1909f56bfc062723c751e8b465ee728b)  -> (artifact id: '74cafb3a4fcfb51b8da4d89173a7dab7') in 0.008394 seconds
  Import took 0.012034 seconds .

========================================================================
Received Import Request.
  Time since last request: 0.017897 seconds.
  path: Assets/Prefabs/Neutron.prefab
  artifactKey: Guid(2b611f567f09c9e4ca63f74bd101b702) Importer(815301076,1909f56bfc062723c751e8b465ee728b)
Start importing Assets/Prefabs/Neutron.prefab using Guid(2b611f567f09c9e4ca63f74bd101b702) Importer(815301076,1909f56bfc062723c751e8b465ee728b)  -> (artifact id: '74cafb3a4fcfb51b8da4d89173a7dab7') in 0.009745 seconds
  Import took 0.015194 seconds .

========================================================================
Received Prepare
Registering precompiled user dll's ...
Registered in 0.001199 seconds.
Begin MonoManager ReloadAssembly
Native extension for WindowsStandalone target not found
Native extension for WebGL target not found
Refreshing native plugins compatible for Editor in 0.37 ms, found 0 plugins.
Preloading 0 native plugins for Editor in 0.00 ms.
Invoked RoslynAnalysisRunner static constructor.
RoslynAnalysisRunner will not be running.
RoslynAnalysisRunner has terminated.
Mono: successfully reloaded assembly
- Completed reload, in  0.889 seconds
Platform modules already initialized, skipping
Shader 'Universal Render Pipeline/Particles/Lit': fallback shader 'Universal Render Pipeline/Particles/SimpleLit' not found
Shader 'Universal Render Pipeline/Particles/Lit': fallback shader 'Universal Render Pipeline/Particles/SimpleLit' not found
Refreshing native plugins compatible for Editor in 0.38 ms, found 0 plugins.
Preloading 0 native plugins for Editor in 0.00 ms.
Unloading 2489 Unused Serialized files (Serialized files now loaded: 0)
System memory in use before: 118.6 MB.
System memory in use after: 116.7 MB.

Unloading 39 unused Assets to reduce memory usage. Loaded Objects now: 3124.
Total: 3.636900 ms (FindLiveObjects: 0.299200 ms CreateObjectMapping: 0.168500 ms MarkObjects: 1.985900 ms  DeleteObjects: 1.181400 ms)

========================================================================
Received Import Request.
  Time since last request: 72.340552 seconds.
  path: Assets/Prefabs/Neutron.prefab
  artifactKey: Guid(2b611f567f09c9e4ca63f74bd101b702) Importer(815301076,1909f56bfc062723c751e8b465ee728b)
Start importing Assets/Prefabs/Neutron.prefab using Guid(2b611f567f09c9e4ca63f74bd101b702) Importer(815301076,1909f56bfc062723c751e8b465ee728b)  -> (artifact id: 'c089c5b2b2f5489e541acf52888d7445') in 0.142572 seconds
  Import took 0.146469 seconds .

========================================================================
Received Import Request.
  Time since last request: 2.233118 seconds.
  path: Assets/Prefabs/Proton.prefab
  artifactKey: Guid(7b654629e1d00ce49b9038c52b049541) Importer(815301076,1909f56bfc062723c751e8b465ee728b)
Start importing Assets/Prefabs/Proton.prefab using Guid(7b654629e1d00ce49b9038c52b049541) Importer(815301076,1909f56bfc062723c751e8b465ee728b)  -> (artifact id: '7343a5764219e7958a506113dd534563') in 0.014435 seconds
  Import took 0.018717 seconds .

========================================================================
Received Import Request.
  Time since last request: 0.009222 seconds.
  path: Assets/Prefabs/Player.prefab
  artifactKey: Guid(57ffd3b444e6173428021b630aa61a6a) Importer(815301076,1909f56bfc062723c751e8b465ee728b)
Start importing Assets/Prefabs/Player.prefab using Guid(57ffd3b444e6173428021b630aa61a6a) Importer(815301076,1909f56bfc062723c751e8b465ee728b)  -> (artifact id: '67bd4c459dcc02abadd32a1fac3ede56') in 0.013569 seconds
  Import took 0.017819 seconds .

========================================================================
Received Prepare
Registering precompiled user dll's ...
Registered in 0.001024 seconds.
Begin MonoManager ReloadAssembly
Native extension for WindowsStandalone target not found
Native extension for WebGL target not found
Refreshing native plugins compatible for Editor in 0.39 ms, found 0 plugins.
Preloading 0 native plugins for Editor in 0.00 ms.
Invoked RoslynAnalysisRunner static constructor.
RoslynAnalysisRunner will not be running.
RoslynAnalysisRunner has terminated.
Mono: successfully reloaded assembly
- Completed reload, in  0.851 seconds
Platform modules already initialized, skipping
Shader 'Universal Render Pipeline/Particles/Lit': fallback shader 'Universal Render Pipeline/Particles/SimpleLit' not found
Shader 'Universal Render Pipeline/Particles/Lit': fallback shader 'Universal Render Pipeline/Particles/SimpleLit' not found
Refreshing native plugins compatible for Editor in 0.55 ms, found 0 plugins.
Preloading 0 native plugins for Editor in 0.00 ms.
Unloading 2489 Unused Serialized files (Serialized files now loaded: 0)
System memory in use before: 118.8 MB.
System memory in use after: 116.9 MB.

Unloading 39 unused Assets to reduce memory usage. Loaded Objects now: 3163.
Total: 3.782100 ms (FindLiveObjects: 0.397100 ms CreateObjectMapping: 0.167500 ms MarkObjects: 1.905300 ms  DeleteObjects: 1.311000 ms)

========================================================================
Received Import Request.
  Time since last request: 49.578522 seconds.
  path: Assets/Prefabs/Proton.prefab
  artifactKey: Guid(7b654629e1d00ce49b9038c52b049541) Importer(815301076,1909f56bfc062723c751e8b465ee728b)
Start importing Assets/Prefabs/Proton.prefab using Guid(7b654629e1d00ce49b9038c52b049541) Importer(815301076,1909f56bfc062723c751e8b465ee728b)  -> (artifact id: '912de8526c398306de46ef7bd0955a8f') in 0.152039 seconds
  Import took 0.156594 seconds .

========================================================================
Received Import Request.
  Time since last request: 0.000332 seconds.
  path: Assets/Prefabs/Player.prefab
  artifactKey: Guid(57ffd3b444e6173428021b630aa61a6a) Importer(815301076,1909f56bfc062723c751e8b465ee728b)
Start importing Assets/Prefabs/Player.prefab using Guid(57ffd3b444e6173428021b630aa61a6a) Importer(815301076,1909f56bfc062723c751e8b465ee728b)  -> (artifact id: '6b939660dfaa06b4c1f795c3dc7bc39d') in 0.008482 seconds
  Import took 0.012543 seconds .

========================================================================
Received Import Request.
  Time since last request: 2.467647 seconds.
  path: Assets/Prefabs/Neutron.prefab
  artifactKey: Guid(2b611f567f09c9e4ca63f74bd101b702) Importer(815301076,1909f56bfc062723c751e8b465ee728b)
Start importing Assets/Prefabs/Neutron.prefab using Guid(2b611f567f09c9e4ca63f74bd101b702) Importer(815301076,1909f56bfc062723c751e8b465ee728b)  -> (artifact id: '0b16ffc56fee5c851d22d7acdb4c5108') in 0.008454 seconds
  Import took 0.012445 seconds .

========================================================================
Received Prepare
Registering precompiled user dll's ...
Registered in 0.000976 seconds.
Begin MonoManager ReloadAssembly
Native extension for WindowsStandalone target not found
Native extension for WebGL target not found
Refreshing native plugins compatible for Editor in 0.46 ms, found 0 plugins.
Preloading 0 native plugins for Editor in 0.00 ms.
Invoked RoslynAnalysisRunner static constructor.
RoslynAnalysisRunner will not be running.
RoslynAnalysisRunner has terminated.
Mono: successfully reloaded assembly
- Completed reload, in  0.836 seconds
Platform modules already initialized, skipping
Shader 'Universal Render Pipeline/Particles/Lit': fallback shader 'Universal Render Pipeline/Particles/SimpleLit' not found
Shader 'Universal Render Pipeline/Particles/Lit': fallback shader 'Universal Render Pipeline/Particles/SimpleLit' not found
Refreshing native plugins compatible for Editor in 0.38 ms, found 0 plugins.
Preloading 0 native plugins for Editor in 0.00 ms.
Unloading 2489 Unused Serialized files (Serialized files now loaded: 0)
System memory in use before: 118.9 MB.
System memory in use after: 117.0 MB.

Unloading 39 unused Assets to reduce memory usage. Loaded Objects now: 3202.
Total: 3.786600 ms (FindLiveObjects: 0.434000 ms CreateObjectMapping: 0.195900 ms MarkObjects: 1.933400 ms  DeleteObjects: 1.221300 ms)

========================================================================
Received Prepare
Registering precompiled user dll's ...
Registered in 0.001274 seconds.
Begin MonoManager ReloadAssembly
Native extension for WindowsStandalone target not found
Native extension for WebGL target not found
Refreshing native plugins compatible for Editor in 0.74 ms, found 0 plugins.
Preloading 0 native plugins for Editor in 0.00 ms.
Invoked RoslynAnalysisRunner static constructor.
RoslynAnalysisRunner will not be running.
RoslynAnalysisRunner has terminated.
Mono: successfully reloaded assembly
- Completed reload, in  1.071 seconds
Platform modules already initialized, skipping
Shader 'Universal Render Pipeline/Particles/Lit': fallback shader 'Universal Render Pipeline/Particles/SimpleLit' not found
Shader 'Universal Render Pipeline/Particles/Lit': fallback shader 'Universal Render Pipeline/Particles/SimpleLit' not found
Refreshing native plugins compatible for Editor in 0.50 ms, found 0 plugins.
Preloading 0 native plugins for Editor in 0.00 ms.
Unloading 2489 Unused Serialized files (Serialized files now loaded: 0)
System memory in use before: 118.9 MB.
System memory in use after: 117.1 MB.

Unloading 39 unused Assets to reduce memory usage. Loaded Objects now: 3205.
Total: 6.003900 ms (FindLiveObjects: 0.372000 ms CreateObjectMapping: 0.226600 ms MarkObjects: 3.613400 ms  DeleteObjects: 1.790100 ms)

========================================================================
Received Prepare
Registering precompiled user dll's ...
Registered in 0.001205 seconds.
Begin MonoManager ReloadAssembly
Native extension for WindowsStandalone target not found
Native extension for WebGL target not found
Refreshing native plugins compatible for Editor in 0.40 ms, found 0 plugins.
Preloading 0 native plugins for Editor in 0.00 ms.
Invoked RoslynAnalysisRunner static constructor.
RoslynAnalysisRunner will not be running.
RoslynAnalysisRunner has terminated.
Mono: successfully reloaded assembly
- Completed reload, in  0.825 seconds
Platform modules already initialized, skipping
Shader 'Universal Render Pipeline/Particles/Lit': fallback shader 'Universal Render Pipeline/Particles/SimpleLit' not found
Shader 'Universal Render Pipeline/Particles/Lit': fallback shader 'Universal Render Pipeline/Particles/SimpleLit' not found
Refreshing native plugins compatible for Editor in 0.39 ms, found 0 plugins.
Preloading 0 native plugins for Editor in 0.00 ms.
Unloading 2502 Unused Serialized files (Serialized files now loaded: 0)
System memory in use before: 120.6 MB.
System memory in use after: 118.1 MB.

Unloading 52 unused Assets to reduce memory usage. Loaded Objects now: 3208.
Total: 4.091400 ms (FindLiveObjects: 0.381000 ms CreateObjectMapping: 0.168000 ms MarkObjects: 2.088900 ms  DeleteObjects: 1.452300 ms)

========================================================================
Received Prepare
Registering precompiled user dll's ...
Registered in 0.000962 seconds.
Begin MonoManager ReloadAssembly
Native extension for WindowsStandalone target not found
Native extension for WebGL target not found
Refreshing native plugins compatible for Editor in 0.37 ms, found 0 plugins.
Preloading 0 native plugins for Editor in 0.00 ms.
Invoked RoslynAnalysisRunner static constructor.
RoslynAnalysisRunner will not be running.
RoslynAnalysisRunner has terminated.
Mono: successfully reloaded assembly
- Completed reload, in  0.851 seconds
Platform modules already initialized, skipping
Shader 'Universal Render Pipeline/Particles/Lit': fallback shader 'Universal Render Pipeline/Particles/SimpleLit' not found
Shader 'Universal Render Pipeline/Particles/Lit': fallback shader 'Universal Render Pipeline/Particles/SimpleLit' not found
Refreshing native plugins compatible for Editor in 0.38 ms, found 0 plugins.
Preloading 0 native plugins for Editor in 0.00 ms.
Unloading 2502 Unused Serialized files (Serialized files now loaded: 0)
System memory in use before: 120.5 MB.
System memory in use after: 118.0 MB.

Unloading 52 unused Assets to reduce memory usage. Loaded Objects now: 3211.
Total: 4.026800 ms (FindLiveObjects: 0.306000 ms CreateObjectMapping: 0.141200 ms MarkObjects: 2.111600 ms  DeleteObjects: 1.467000 ms)

========================================================================
Received Prepare
Registering precompiled user dll's ...
Registered in 0.001140 seconds.
Begin MonoManager ReloadAssembly
Native extension for WindowsStandalone target not found
Native extension for WebGL target not found
Refreshing native plugins compatible for Editor in 0.38 ms, found 0 plugins.
Preloading 0 native plugins for Editor in 0.00 ms.
Invoked RoslynAnalysisRunner static constructor.
RoslynAnalysisRunner will not be running.
RoslynAnalysisRunner has terminated.
Mono: successfully reloaded assembly
- Completed reload, in  0.842 seconds
Platform modules already initialized, skipping
Shader 'Universal Render Pipeline/Particles/Lit': fallback shader 'Universal Render Pipeline/Particles/SimpleLit' not found
Shader 'Universal Render Pipeline/Particles/Lit': fallback shader 'Universal Render Pipeline/Particles/SimpleLit' not found
Refreshing native plugins compatible for Editor in 0.39 ms, found 0 plugins.
Preloading 0 native plugins for Editor in 0.00 ms.
Unloading 2502 Unused Serialized files (Serialized files now loaded: 0)
System memory in use before: 120.6 MB.
System memory in use after: 118.1 MB.

Unloading 52 unused Assets to reduce memory usage. Loaded Objects now: 3214.
Total: 3.935400 ms (FindLiveObjects: 0.313800 ms CreateObjectMapping: 0.165400 ms MarkObjects: 1.994400 ms  DeleteObjects: 1.460400 ms)

========================================================================
Received Prepare
Registering precompiled user dll's ...
Registered in 0.001481 seconds.
Begin MonoManager ReloadAssembly
Native extension for WindowsStandalone target not found
Native extension for WebGL target not found
Refreshing native plugins compatible for Editor in 0.39 ms, found 0 plugins.
Preloading 0 native plugins for Editor in 0.00 ms.
Invoked RoslynAnalysisRunner static constructor.
RoslynAnalysisRunner will not be running.
RoslynAnalysisRunner has terminated.
Mono: successfully reloaded assembly
- Completed reload, in  0.835 seconds
Platform modules already initialized, skipping
Shader 'Universal Render Pipeline/Particles/Lit': fallback shader 'Universal Render Pipeline/Particles/SimpleLit' not found
Shader 'Universal Render Pipeline/Particles/Lit': fallback shader 'Universal Render Pipeline/Particles/SimpleLit' not found
Refreshing native plugins compatible for Editor in 0.40 ms, found 0 plugins.
Preloading 0 native plugins for Editor in 0.00 ms.
Unloading 2502 Unused Serialized files (Serialized files now loaded: 0)
System memory in use before: 120.7 MB.
System memory in use after: 118.2 MB.

Unloading 52 unused Assets to reduce memory usage. Loaded Objects now: 3217.
Total: 3.971500 ms (FindLiveObjects: 0.279400 ms CreateObjectMapping: 0.113800 ms MarkObjects: 2.010200 ms  DeleteObjects: 1.566300 ms)

========================================================================
Received Import Request.
  Time since last request: 2535.041456 seconds.
  path: Assets/Prefabs/Neutron.prefab
  artifactKey: Guid(2b611f567f09c9e4ca63f74bd101b702) Importer(815301076,1909f56bfc062723c751e8b465ee728b)
Start importing Assets/Prefabs/Neutron.prefab using Guid(2b611f567f09c9e4ca63f74bd101b702) Importer(815301076,1909f56bfc062723c751e8b465ee728b)  -> (artifact id: '5ea421ebd44c0225c48be6cc9e51156f') in 0.164553 seconds
  Import took 0.168687 seconds .

========================================================================
Received Import Request.
  Time since last request: 0.000193 seconds.
  path: Assets/Prefabs/Proton.prefab
  artifactKey: Guid(7b654629e1d00ce49b9038c52b049541) Importer(815301076,1909f56bfc062723c751e8b465ee728b)
Start importing Assets/Prefabs/Proton.prefab using Guid(7b654629e1d00ce49b9038c52b049541) Importer(815301076,1909f56bfc062723c751e8b465ee728b)  -> (artifact id: 'f196edcc8769e6a0fe4b13d9521f6ff2') in 0.008337 seconds
  Import took 0.012215 seconds .

========================================================================
Received Import Request.
  Time since last request: 0.000248 seconds.
  path: Assets/Prefabs/Player.prefab
  artifactKey: Guid(57ffd3b444e6173428021b630aa61a6a) Importer(815301076,1909f56bfc062723c751e8b465ee728b)
Start importing Assets/Prefabs/Player.prefab using Guid(57ffd3b444e6173428021b630aa61a6a) Importer(815301076,1909f56bfc062723c751e8b465ee728b)  -> (artifact id: '10284a7cf1ebbf4b6a4e51212492a4b1') in 0.015416 seconds
  Import took 0.020498 seconds .

========================================================================
Received Prepare
Registering precompiled user dll's ...
Registered in 0.001253 seconds.
Begin MonoManager ReloadAssembly
Native extension for WindowsStandalone target not found
Native extension for WebGL target not found
Refreshing native plugins compatible for Editor in 0.38 ms, found 0 plugins.
Preloading 0 native plugins for Editor in 0.00 ms.
Invoked RoslynAnalysisRunner static constructor.
RoslynAnalysisRunner will not be running.
RoslynAnalysisRunner has terminated.
Mono: successfully reloaded assembly
- Completed reload, in  0.815 seconds
Platform modules already initialized, skipping
Shader 'Universal Render Pipeline/Particles/Lit': fallback shader 'Universal Render Pipeline/Particles/SimpleLit' not found
Shader 'Universal Render Pipeline/Particles/Lit': fallback shader 'Universal Render Pipeline/Particles/SimpleLit' not found
Refreshing native plugins compatible for Editor in 0.38 ms, found 0 plugins.
Preloading 0 native plugins for Editor in 0.00 ms.
Unloading 2502 Unused Serialized files (Serialized files now loaded: 0)
System memory in use before: 120.8 MB.
System memory in use after: 118.3 MB.

Unloading 52 unused Assets to reduce memory usage. Loaded Objects now: 3256.
Total: 3.945800 ms (FindLiveObjects: 0.431800 ms CreateObjectMapping: 0.131200 ms MarkObjects: 1.905400 ms  DeleteObjects: 1.476000 ms)

========================================================================
Received Prepare
Registering precompiled user dll's ...
Registered in 0.000980 seconds.
Begin MonoManager ReloadAssembly
Native extension for WindowsStandalone target not found
Native extension for WebGL target not found
Refreshing native plugins compatible for Editor in 0.38 ms, found 0 plugins.
Preloading 0 native plugins for Editor in 0.00 ms.
Invoked RoslynAnalysisRunner static constructor.
RoslynAnalysisRunner will not be running.
RoslynAnalysisRunner has terminated.
Mono: successfully reloaded assembly
- Completed reload, in  0.812 seconds
Platform modules already initialized, skipping
Shader 'Universal Render Pipeline/Particles/Lit': fallback shader 'Universal Render Pipeline/Particles/SimpleLit' not found
Shader 'Universal Render Pipeline/Particles/Lit': fallback shader 'Universal Render Pipeline/Particles/SimpleLit' not found
Refreshing native plugins compatible for Editor in 0.71 ms, found 0 plugins.
Preloading 0 native plugins for Editor in 0.00 ms.
Unloading 2502 Unused Serialized files (Serialized files now loaded: 0)
System memory in use before: 120.8 MB.
System memory in use after: 118.3 MB.

Unloading 52 unused Assets to reduce memory usage. Loaded Objects now: 3259.
Total: 5.895200 ms (FindLiveObjects: 0.523700 ms CreateObjectMapping: 0.256800 ms MarkObjects: 3.394800 ms  DeleteObjects: 1.717600 ms)

