Using pre-set license
Built from '2020.3/staging' branch; Version is '2020.3.0f1 (c7b5465681fb) revision 13088070'; Using compiler version '192528614'; Build Type 'Release'
OS: 'Windows 10 Pro; OS build 22000.194; Version 2009; 64bit' Language: 'en' Physical Memory: 16333 MB
BatchMode: 1, IsHumanControllingUs: 0, StartBugReporterOnCrash: 0, Is64bit: 1, IsPro: 0

 COMMAND LINE ARGUMENTS:
E:\Unity\2020.3.0f1\Editor\Unity.exe
-adb2
-batchMode
-noUpm
-name
AssetImportWorker0
-projectPath
D:/Code/LD49
-logFile
Logs/AssetImportWorker0.log
-srvPort
49244
Successfully changed project path to: D:/Code/LD49
D:/Code/LD49
Using Asset Import Pipeline V2.
Refreshing native plugins compatible for Editor in 72.73 ms, found 0 plugins.
Preloading 0 native plugins for Editor in 0.00 ms.
Initialize engine version: 2020.3.0f1 (c7b5465681fb)
[Subsystems] Discovering subsystems at path E:/Unity/2020.3.0f1/Editor/Data/Resources/UnitySubsystems
[Subsystems] Discovering subsystems at path D:/Code/LD49/Assets
GfxDevice: creating device client; threaded=0
Direct3D:
    Version:  Direct3D 11.0 [level 11.1]
    Renderer: NVIDIA GeForce GTX 1060 6GB (ID=0x1c03)
    Vendor:   
    VRAM:     6052 MB
    Driver:   30.0.14.7141
Initialize mono
Mono path[0] = 'E:/Unity/2020.3.0f1/Editor/Data/Managed'
Mono path[1] = 'E:/Unity/2020.3.0f1/Editor/Data/MonoBleedingEdge/lib/mono/unityjit'
Mono config path = 'E:/Unity/2020.3.0f1/Editor/Data/MonoBleedingEdge/etc'
Using monoOptions --debugger-agent=transport=dt_socket,embedding=1,server=y,suspend=n,address=127.0.0.1:56780
Begin MonoManager ReloadAssembly
Registering precompiled unity dll's ...
Register platform support module: E:/Unity/2020.3.0f1/Editor/Data/PlaybackEngines/WebGLSupport/UnityEditor.WebGL.Extensions.dll
Register platform support module: E:/Unity/2020.3.0f1/Editor/Data/PlaybackEngines/WindowsStandaloneSupport/UnityEditor.WindowsStandalone.Extensions.dll
Registered in 0.001188 seconds.
Native extension for WindowsStandalone target not found
Native extension for WebGL target not found
Refreshing native plugins compatible for Editor in 42.24 ms, found 0 plugins.
Preloading 0 native plugins for Editor in 0.00 ms.
Invoked RoslynAnalysisRunner static constructor.
RoslynAnalysisRunner will not be running.
RoslynAnalysisRunner has terminated.
Mono: successfully reloaded assembly
- Completed reload, in  1.867 seconds
Platform modules already initialized, skipping
Registering precompiled user dll's ...
Registered in 0.001661 seconds.
Begin MonoManager ReloadAssembly
Native extension for WindowsStandalone target not found
Native extension for WebGL target not found
Refreshing native plugins compatible for Editor in 76.07 ms, found 0 plugins.
Preloading 0 native plugins for Editor in 0.00 ms.
Invoked RoslynAnalysisRunner static constructor.
RoslynAnalysisRunner will not be running.
RoslynAnalysisRunner has terminated.
Mono: successfully reloaded assembly
- Completed reload, in  1.576 seconds
Platform modules already initialized, skipping
========================================================================
Worker process is ready to serve import requests
Shader 'Universal Render Pipeline/Particles/Lit': fallback shader 'Universal Render Pipeline/Particles/SimpleLit' not found
Shader 'Universal Render Pipeline/Particles/Lit': fallback shader 'Universal Render Pipeline/Particles/SimpleLit' not found
Launched and connected shader compiler UnityShaderCompiler.exe after 0.28 seconds
Refreshing native plugins compatible for Editor in 0.87 ms, found 0 plugins.
Preloading 0 native plugins for Editor in 0.00 ms.
Unloading 2417 Unused Serialized files (Serialized files now loaded: 0)
System memory in use before: 111.0 MB.
System memory in use after: 108.8 MB.

Unloading 45 unused Assets to reduce memory usage. Loaded Objects now: 2823.
Total: 8.937300 ms (FindLiveObjects: 0.859400 ms CreateObjectMapping: 0.356200 ms MarkObjects: 5.684300 ms  DeleteObjects: 2.035000 ms)

========================================================================
Received Import Request.
  path: Assets/Readme.asset
  artifactKey: Guid(83c2ed844a8c74b779a4c823d16594b1) Importer(815301076,1909f56bfc062723c751e8b465ee728b)
Start importing Assets/Readme.asset using Guid(83c2ed844a8c74b779a4c823d16594b1) Importer(815301076,1909f56bfc062723c751e8b465ee728b)  -> (artifact id: '565fba1a13f97c68b9c7f204361b9afd') in 0.092471 seconds
  Import took 0.099088 seconds .

========================================================================
Received Import Request.
  Time since last request: 13.229322 seconds.
  path: Assets/Scenes
  artifactKey: Guid(bf6d5d13e40384744b454827c1e98bc8) Importer(815301076,1909f56bfc062723c751e8b465ee728b)
Start importing Assets/Scenes using Guid(bf6d5d13e40384744b454827c1e98bc8) Importer(815301076,1909f56bfc062723c751e8b465ee728b)  -> (artifact id: '7b3f9e7209e7ba1393ec99aec7ce02e2') in 0.008538 seconds
  Import took 0.045722 seconds .

========================================================================
Received Import Request.
  Time since last request: 5.599791 seconds.
  path: Assets/Scenes/Main.unity
  artifactKey: Guid(876994c26a274ad46b2b9c860d696d58) Importer(815301076,1909f56bfc062723c751e8b465ee728b)
Start importing Assets/Scenes/Main.unity using Guid(876994c26a274ad46b2b9c860d696d58) Importer(815301076,1909f56bfc062723c751e8b465ee728b)  -> (artifact id: 'd596429f7c6d8e20a68c003dff274901') in 0.016182 seconds
  Import took 0.030337 seconds .

========================================================================
Received Import Request.
  Time since last request: 1.533363 seconds.
  path: Assets/Scenes/SampleScene.unity
  artifactKey: Guid(d1c3109bdb54ad54c8a2b2838528e640) Importer(815301076,1909f56bfc062723c751e8b465ee728b)
Start importing Assets/Scenes/SampleScene.unity using Guid(d1c3109bdb54ad54c8a2b2838528e640) Importer(815301076,1909f56bfc062723c751e8b465ee728b)  -> (artifact id: '3c0d36382bdc373bd0a05e5cf1e6e15c') in 0.008685 seconds
  Import took 0.012297 seconds .

========================================================================
Received Prepare
Registering precompiled user dll's ...
Registered in 0.000966 seconds.
Begin MonoManager ReloadAssembly
Native extension for WindowsStandalone target not found
Native extension for WebGL target not found
Refreshing native plugins compatible for Editor in 0.37 ms, found 0 plugins.
Preloading 0 native plugins for Editor in 0.00 ms.
Invoked RoslynAnalysisRunner static constructor.
RoslynAnalysisRunner will not be running.
RoslynAnalysisRunner has terminated.
Mono: successfully reloaded assembly
- Completed reload, in  0.794 seconds
Platform modules already initialized, skipping
Shader 'Universal Render Pipeline/Particles/Lit': fallback shader 'Universal Render Pipeline/Particles/SimpleLit' not found
Shader 'Universal Render Pipeline/Particles/Lit': fallback shader 'Universal Render Pipeline/Particles/SimpleLit' not found
Refreshing native plugins compatible for Editor in 0.37 ms, found 0 plugins.
Preloading 0 native plugins for Editor in 0.00 ms.
Unloading 2340 Unused Serialized files (Serialized files now loaded: 0)
System memory in use before: 107.9 MB.
System memory in use after: 105.7 MB.

Unloading 41 unused Assets to reduce memory usage. Loaded Objects now: 2825.
Total: 3.974800 ms (FindLiveObjects: 0.311400 ms CreateObjectMapping: 0.218300 ms MarkObjects: 1.932600 ms  DeleteObjects: 1.511400 ms)

========================================================================
Received Import Request.
  Time since last request: 25.542599 seconds.
  path: Assets/Presets/Defaults/AlbedoTexture_Default.preset
  artifactKey: Guid(e8537455c6c08bd4e8bf0be3707da685) Importer(815301076,1909f56bfc062723c751e8b465ee728b)
Start importing Assets/Presets/Defaults/AlbedoTexture_Default.preset using Guid(e8537455c6c08bd4e8bf0be3707da685) Importer(815301076,1909f56bfc062723c751e8b465ee728b)  -> (artifact id: 'a6e699e5cf98191361d1a94746b4b736') in 0.022998 seconds
  Import took 0.043533 seconds .

========================================================================
Received Import Request.
  Time since last request: 0.000442 seconds.
  path: Assets/Presets/Defaults/AudioDecompressOnLoad.preset
  artifactKey: Guid(e7689051185d12f4298e1ebb2693a29f) Importer(815301076,1909f56bfc062723c751e8b465ee728b)
Start importing Assets/Presets/Defaults/AudioDecompressOnLoad.preset using Guid(e7689051185d12f4298e1ebb2693a29f) Importer(815301076,1909f56bfc062723c751e8b465ee728b)  -> (artifact id: '236ecb79efdd8d318d0d46a9ccd821cb') in 0.009752 seconds
  Import took 0.031910 seconds .

========================================================================
Received Import Request.
  Time since last request: 0.000369 seconds.
  path: Assets/Presets/Defaults/DirectionalLight_Default.preset
  artifactKey: Guid(463065d4f17d1d94d848aa127b94dd43) Importer(815301076,1909f56bfc062723c751e8b465ee728b)
Start importing Assets/Presets/Defaults/DirectionalLight_Default.preset using Guid(463065d4f17d1d94d848aa127b94dd43) Importer(815301076,1909f56bfc062723c751e8b465ee728b)  -> (artifact id: 'af8410575413b837c25dfc246cae01a8') in 0.008271 seconds
  Import took 0.021046 seconds .

========================================================================
Received Import Request.
  Time since last request: 1.725671 seconds.
  path: Assets/Materials/Skybox_Mat.mat
  artifactKey: Guid(0ffaa0b7117ba8c47a9d05ae701d4b4d) Importer(815301076,1909f56bfc062723c751e8b465ee728b)
Start importing Assets/Materials/Skybox_Mat.mat using Guid(0ffaa0b7117ba8c47a9d05ae701d4b4d) Importer(815301076,1909f56bfc062723c751e8b465ee728b)  -> (artifact id: '4f9a9e0fc9f45c3be03cde846d2acd1d') in 0.229037 seconds
  Import took 0.233310 seconds .

========================================================================
Received Import Request.
  Time since last request: 2.854505 seconds.
  path: Assets/Settings/ForwardRenderer.asset
  artifactKey: Guid(4a8e21d5c33334b11b34a596161b9360) Importer(815301076,1909f56bfc062723c751e8b465ee728b)
Start importing Assets/Settings/ForwardRenderer.asset using Guid(4a8e21d5c33334b11b34a596161b9360) Importer(815301076,1909f56bfc062723c751e8b465ee728b)  -> (artifact id: 'cb1584ed426f59fc1d96d3d24754ed67') in 0.010759 seconds
  Import took 0.078294 seconds .

========================================================================
Received Import Request.
  Time since last request: 0.000384 seconds.
  path: Assets/Settings/SampleSceneProfile.asset
  artifactKey: Guid(10fc4df2da32a41aaa32d77bc913491c) Importer(815301076,1909f56bfc062723c751e8b465ee728b)
Start importing Assets/Settings/SampleSceneProfile.asset using Guid(10fc4df2da32a41aaa32d77bc913491c) Importer(815301076,1909f56bfc062723c751e8b465ee728b)  -> (artifact id: '0a265553895b58ed4d3552526212c79e') in 0.014476 seconds
  Import took 0.018156 seconds .

========================================================================
Received Import Request.
  Time since last request: 0.000239 seconds.
  path: Assets/Settings/UniversalRP-LowQuality.asset
  artifactKey: Guid(a31e9f9f9c9d4b9429ed0d1234e22103) Importer(815301076,1909f56bfc062723c751e8b465ee728b)
Start importing Assets/Settings/UniversalRP-LowQuality.asset using Guid(a31e9f9f9c9d4b9429ed0d1234e22103) Importer(815301076,1909f56bfc062723c751e8b465ee728b)  -> (artifact id: 'befcb521a8253b2c17544569e7c27d0a') in 0.010059 seconds
  Import took 0.024567 seconds .

========================================================================
Received Import Request.
  Time since last request: 0.000256 seconds.
  path: Assets/Settings/UniversalRP-MediumQuality.asset
  artifactKey: Guid(d847b876476d3d6468f5dfcd34266f96) Importer(815301076,1909f56bfc062723c751e8b465ee728b)
Start importing Assets/Settings/UniversalRP-MediumQuality.asset using Guid(d847b876476d3d6468f5dfcd34266f96) Importer(815301076,1909f56bfc062723c751e8b465ee728b)  -> (artifact id: 'e3da5be57c7d0e683230077578060d5c') in 0.009346 seconds
  Import took 0.019733 seconds .

========================================================================
Received Import Request.
  Time since last request: 0.000396 seconds.
  path: Assets/Settings/UniversalRP-HighQuality.asset
  artifactKey: Guid(19ba41d7c0026c3459d37c2fe90c55a0) Importer(815301076,1909f56bfc062723c751e8b465ee728b)
Start importing Assets/Settings/UniversalRP-HighQuality.asset using Guid(19ba41d7c0026c3459d37c2fe90c55a0) Importer(815301076,1909f56bfc062723c751e8b465ee728b)  -> (artifact id: '2e7a016866d4e6b208eae6e8c54b0dcd') in 0.011207 seconds
  Import took 0.021089 seconds .

========================================================================
Received Import Request.
  Time since last request: 3.220016 seconds.
  path: Assets/Scripts/SimpleCameraController.cs
  artifactKey: Guid(be76e5f14cfee674cb30b491fb72b09b) Importer(815301076,1909f56bfc062723c751e8b465ee728b)
Start importing Assets/Scripts/SimpleCameraController.cs using Guid(be76e5f14cfee674cb30b491fb72b09b) Importer(815301076,1909f56bfc062723c751e8b465ee728b)  -> (artifact id: '7c2dee7d6836e3b03ef1e0893a05e267') in 0.025687 seconds
  Import took 0.044422 seconds .

========================================================================
Received Import Request.
  Time since last request: 0.000840 seconds.
  path: Assets/Scripts/SimpleCameraController.cs
  artifactKey: Guid(be76e5f14cfee674cb30b491fb72b09b) Importer(815301076,1909f56bfc062723c751e8b465ee728b)
Start importing Assets/Scripts/SimpleCameraController.cs using Guid(be76e5f14cfee674cb30b491fb72b09b) Importer(815301076,1909f56bfc062723c751e8b465ee728b)  -> (artifact id: '7c2dee7d6836e3b03ef1e0893a05e267') in 0.002361 seconds
  Import took 0.006221 seconds .

========================================================================
Received Prepare
Registering precompiled user dll's ...
Registered in 0.000939 seconds.
Begin MonoManager ReloadAssembly
Native extension for WindowsStandalone target not found
Native extension for WebGL target not found
Refreshing native plugins compatible for Editor in 0.38 ms, found 0 plugins.
Preloading 0 native plugins for Editor in 0.00 ms.
Invoked RoslynAnalysisRunner static constructor.
RoslynAnalysisRunner will not be running.
RoslynAnalysisRunner has terminated.
Mono: successfully reloaded assembly
- Completed reload, in  0.831 seconds
Platform modules already initialized, skipping
Shader 'Universal Render Pipeline/Particles/Lit': fallback shader 'Universal Render Pipeline/Particles/SimpleLit' not found
Shader 'Universal Render Pipeline/Particles/Lit': fallback shader 'Universal Render Pipeline/Particles/SimpleLit' not found
Refreshing native plugins compatible for Editor in 0.35 ms, found 0 plugins.
Preloading 0 native plugins for Editor in 0.00 ms.
Unloading 2341 Unused Serialized files (Serialized files now loaded: 0)
System memory in use before: 113.1 MB.
System memory in use after: 110.9 MB.

Unloading 41 unused Assets to reduce memory usage. Loaded Objects now: 2907.
Total: 3.988500 ms (FindLiveObjects: 0.422100 ms CreateObjectMapping: 0.329500 ms MarkObjects: 1.965700 ms  DeleteObjects: 1.269900 ms)

========================================================================
Received Import Request.
  Time since last request: 41.227891 seconds.
  path: Assets
  artifactKey: Guid(00000000000000001000000000000000) Importer(815301076,1909f56bfc062723c751e8b465ee728b)
Start importing Assets using Guid(00000000000000001000000000000000) Importer(815301076,1909f56bfc062723c751e8b465ee728b)  -> (artifact id: '42baae205c97e3337697759514652acd') in 0.012927 seconds
  Import took 0.016751 seconds .

========================================================================
Received Import Request.
  Time since last request: 0.000735 seconds.
  path: Assets
  artifactKey: Guid(00000000000000001000000000000000) Importer(815301076,1909f56bfc062723c751e8b465ee728b)
Start importing Assets using Guid(00000000000000001000000000000000) Importer(815301076,1909f56bfc062723c751e8b465ee728b)  -> (artifact id: '42baae205c97e3337697759514652acd') in 0.002268 seconds
  Import took 0.006261 seconds .

========================================================================
Received Import Request.
  Time since last request: 5.449002 seconds.
  path: Assets/Prefabs
  artifactKey: Guid(a14b5538424e1a347b038c03fa9422e3) Importer(815301076,1909f56bfc062723c751e8b465ee728b)
Start importing Assets/Prefabs using Guid(a14b5538424e1a347b038c03fa9422e3) Importer(815301076,1909f56bfc062723c751e8b465ee728b)  -> (artifact id: '821190c4b0f519c84dca18633a25bb9e') in 0.008402 seconds
  Import took 0.017774 seconds .

========================================================================
Received Import Request.
  Time since last request: 0.005204 seconds.
  path: Assets/Prefabs
  artifactKey: Guid(a14b5538424e1a347b038c03fa9422e3) Importer(815301076,1909f56bfc062723c751e8b465ee728b)
Start importing Assets/Prefabs using Guid(a14b5538424e1a347b038c03fa9422e3) Importer(815301076,1909f56bfc062723c751e8b465ee728b)  -> (artifact id: '821190c4b0f519c84dca18633a25bb9e') in 0.002310 seconds
  Import took 0.006839 seconds .

========================================================================
Received Import Request.
  Time since last request: 35.031132 seconds.
  path: Assets/Prefabs/Proton.prefab
  artifactKey: Guid(7b654629e1d00ce49b9038c52b049541) Importer(815301076,1909f56bfc062723c751e8b465ee728b)
Start importing Assets/Prefabs/Proton.prefab using Guid(7b654629e1d00ce49b9038c52b049541) Importer(815301076,1909f56bfc062723c751e8b465ee728b)  -> (artifact id: 'f7f5cd317406b1814d14778fd0b209b6') in 0.170699 seconds
  Import took 0.174952 seconds .

========================================================================
Received Import Request.
  Time since last request: 1.658323 seconds.
  path: Assets/Prefabs/Player.prefab
  artifactKey: Guid(57ffd3b444e6173428021b630aa61a6a) Importer(815301076,1909f56bfc062723c751e8b465ee728b)
Start importing Assets/Prefabs/Player.prefab using Guid(57ffd3b444e6173428021b630aa61a6a) Importer(815301076,1909f56bfc062723c751e8b465ee728b)  -> (artifact id: 'dc1bd6d94f3bd1bf2addaaf4ebe39937') in 0.015926 seconds
  Import took 0.035146 seconds .

========================================================================
Received Import Request.
  Time since last request: 0.004471 seconds.
  path: Assets/Prefabs/Player.prefab
  artifactKey: Guid(57ffd3b444e6173428021b630aa61a6a) Importer(815301076,1909f56bfc062723c751e8b465ee728b)
Start importing Assets/Prefabs/Player.prefab using Guid(57ffd3b444e6173428021b630aa61a6a) Importer(815301076,1909f56bfc062723c751e8b465ee728b)  -> (artifact id: 'dc1bd6d94f3bd1bf2addaaf4ebe39937') in 0.010216 seconds
  Import took 0.014531 seconds .

========================================================================
Received Prepare
Registering precompiled user dll's ...
Registered in 0.000989 seconds.
Begin MonoManager ReloadAssembly
Native extension for WindowsStandalone target not found
Native extension for WebGL target not found
Refreshing native plugins compatible for Editor in 0.38 ms, found 0 plugins.
Preloading 0 native plugins for Editor in 0.00 ms.
Invalid AssetDatabase path: /Editor/EditorResources/cm_logo_sm.png. Use path relative to the project folder.
UnityEngine.StackTraceUtility:ExtractStackTrace ()
UnityEditor.AssetDatabase:LoadAssetAtPath<UnityEngine.Texture2D> (string)
Cinemachine.Editor.CinemachineSettings:get_CinemachineLogoTexture () (at Library/PackageCache/com.unity.cinemachine@2.6.10/Editor/Windows/CinemachineSettings.cs:205)
Cinemachine.Editor.CinemachineSettings:.cctor () (at Library/PackageCache/com.unity.cinemachine@2.6.10/Editor/Windows/CinemachineSettings.cs:237)
Cinemachine.CinemachineColliderPrefs:.cctor () (at Library/PackageCache/com.unity.cinemachine@2.6.10/Editor/Windows/CinemachineColliderPrefs.cs:61)
System.Runtime.CompilerServices.RuntimeHelpers:RunClassConstructor (System.RuntimeTypeHandle)
UnityEditor.EditorAssemblies:ProcessInitializeOnLoadAttributes (System.Type[])

[Library/PackageCache/com.unity.cinemachine@2.6.10/Editor/Windows/CinemachineSettings.cs line 205]

Invoked RoslynAnalysisRunner static constructor.
RoslynAnalysisRunner will not be running.
RoslynAnalysisRunner has terminated.
Mono: successfully reloaded assembly
- Completed reload, in  0.931 seconds
Platform modules already initialized, skipping
Shader 'Universal Render Pipeline/Particles/Lit': fallback shader 'Universal Render Pipeline/Particles/SimpleLit' not found
Shader 'Universal Render Pipeline/Particles/Lit': fallback shader 'Universal Render Pipeline/Particles/SimpleLit' not found
Refreshing native plugins compatible for Editor in 0.36 ms, found 0 plugins.
Preloading 0 native plugins for Editor in 0.00 ms.
Unloading 2486 Unused Serialized files (Serialized files now loaded: 0)
System memory in use before: 118.8 MB.
System memory in use after: 116.6 MB.

Unloading 41 unused Assets to reduce memory usage. Loaded Objects now: 3093.
Total: 4.633800 ms (FindLiveObjects: 0.549500 ms CreateObjectMapping: 0.203800 ms MarkObjects: 2.588800 ms  DeleteObjects: 1.290600 ms)

========================================================================
Received Import Request.
  Time since last request: 151.306710 seconds.
  path: Assets/Scripts
  artifactKey: Guid(02a3527b6b33a924e8ec66aa805ea717) Importer(815301076,1909f56bfc062723c751e8b465ee728b)
Start importing Assets/Scripts using Guid(02a3527b6b33a924e8ec66aa805ea717) Importer(815301076,1909f56bfc062723c751e8b465ee728b)  -> (artifact id: 'fe0dbd62ec9af9c816321418d314a904') in 0.013678 seconds
  Import took 0.031027 seconds .

========================================================================
Received Import Request.
  Time since last request: 5.894035 seconds.
  path: Assets/Scripts/GameManager.cs
  artifactKey: Guid(8549b571eb0124d4d8803ff9daf39ff7) Importer(815301076,1909f56bfc062723c751e8b465ee728b)
Start importing Assets/Scripts/GameManager.cs using Guid(8549b571eb0124d4d8803ff9daf39ff7) Importer(815301076,1909f56bfc062723c751e8b465ee728b)  -> (artifact id: '269817ac8dfb06855ae54da4b1345754') in 0.008486 seconds
  Import took 0.013492 seconds .

========================================================================
Received Prepare
Registering precompiled user dll's ...
Registered in 0.000954 seconds.
Begin MonoManager ReloadAssembly
Native extension for WindowsStandalone target not found
Native extension for WebGL target not found
Refreshing native plugins compatible for Editor in 0.39 ms, found 0 plugins.
Preloading 0 native plugins for Editor in 0.00 ms.
Invoked RoslynAnalysisRunner static constructor.
RoslynAnalysisRunner will not be running.
RoslynAnalysisRunner has terminated.
Mono: successfully reloaded assembly
- Completed reload, in  0.851 seconds
Platform modules already initialized, skipping
Shader 'Universal Render Pipeline/Particles/Lit': fallback shader 'Universal Render Pipeline/Particles/SimpleLit' not found
Shader 'Universal Render Pipeline/Particles/Lit': fallback shader 'Universal Render Pipeline/Particles/SimpleLit' not found
Refreshing native plugins compatible for Editor in 0.37 ms, found 0 plugins.
Preloading 0 native plugins for Editor in 0.00 ms.
Unloading 2488 Unused Serialized files (Serialized files now loaded: 0)
System memory in use before: 119.0 MB.
System memory in use after: 116.7 MB.

Unloading 42 unused Assets to reduce memory usage. Loaded Objects now: 3098.
Total: 4.459200 ms (FindLiveObjects: 0.597800 ms CreateObjectMapping: 0.225900 ms MarkObjects: 2.272900 ms  DeleteObjects: 1.360900 ms)

========================================================================
Received Import Request.
  Time since last request: 7.011318 seconds.
  path: Assets/Scripts/Player.cs
  artifactKey: Guid(67e83db6ae7f56040a884ba5bef61bec) Importer(815301076,1909f56bfc062723c751e8b465ee728b)
Start importing Assets/Scripts/Player.cs using Guid(67e83db6ae7f56040a884ba5bef61bec) Importer(815301076,1909f56bfc062723c751e8b465ee728b)  -> (artifact id: '1e27b858d30cae64304b58cbbd218b8e') in 0.005961 seconds
  Import took 0.011853 seconds .

========================================================================
Received Prepare
Registering precompiled user dll's ...
Registered in 0.000953 seconds.
Begin MonoManager ReloadAssembly
Native extension for WindowsStandalone target not found
Native extension for WebGL target not found
Refreshing native plugins compatible for Editor in 0.37 ms, found 0 plugins.
Preloading 0 native plugins for Editor in 0.00 ms.
Invoked RoslynAnalysisRunner static constructor.
RoslynAnalysisRunner will not be running.
RoslynAnalysisRunner has terminated.
Mono: successfully reloaded assembly
- Completed reload, in  0.841 seconds
Platform modules already initialized, skipping
Shader 'Universal Render Pipeline/Particles/Lit': fallback shader 'Universal Render Pipeline/Particles/SimpleLit' not found
Shader 'Universal Render Pipeline/Particles/Lit': fallback shader 'Universal Render Pipeline/Particles/SimpleLit' not found
Refreshing native plugins compatible for Editor in 0.37 ms, found 0 plugins.
Preloading 0 native plugins for Editor in 0.00 ms.
Unloading 2488 Unused Serialized files (Serialized files now loaded: 0)
System memory in use before: 118.8 MB.
System memory in use after: 116.6 MB.

Unloading 42 unused Assets to reduce memory usage. Loaded Objects now: 3102.
Total: 3.829400 ms (FindLiveObjects: 0.265000 ms CreateObjectMapping: 0.157400 ms MarkObjects: 2.025300 ms  DeleteObjects: 1.380600 ms)

========================================================================
Received Prepare
Registering precompiled user dll's ...
Registered in 0.001356 seconds.
Begin MonoManager ReloadAssembly
Native extension for WindowsStandalone target not found
Native extension for WebGL target not found
Refreshing native plugins compatible for Editor in 0.37 ms, found 0 plugins.
Preloading 0 native plugins for Editor in 0.00 ms.
Invoked RoslynAnalysisRunner static constructor.
RoslynAnalysisRunner will not be running.
RoslynAnalysisRunner has terminated.
Mono: successfully reloaded assembly
- Completed reload, in  0.974 seconds
Platform modules already initialized, skipping
Shader 'Universal Render Pipeline/Particles/Lit': fallback shader 'Universal Render Pipeline/Particles/SimpleLit' not found
Shader 'Universal Render Pipeline/Particles/Lit': fallback shader 'Universal Render Pipeline/Particles/SimpleLit' not found
Refreshing native plugins compatible for Editor in 0.37 ms, found 0 plugins.
Preloading 0 native plugins for Editor in 0.00 ms.
Unloading 2488 Unused Serialized files (Serialized files now loaded: 0)
System memory in use before: 119.0 MB.
System memory in use after: 116.7 MB.

Unloading 42 unused Assets to reduce memory usage. Loaded Objects now: 3105.
Total: 4.613300 ms (FindLiveObjects: 0.735100 ms CreateObjectMapping: 0.265800 ms MarkObjects: 2.281800 ms  DeleteObjects: 1.327900 ms)

========================================================================
Received Import Request.
  Time since last request: 112.697050 seconds.
  path: Assets/Scripts/GameManager.cs
  artifactKey: Guid(8549b571eb0124d4d8803ff9daf39ff7) Importer(815301076,1909f56bfc062723c751e8b465ee728b)
Start importing Assets/Scripts/GameManager.cs using Guid(8549b571eb0124d4d8803ff9daf39ff7) Importer(815301076,1909f56bfc062723c751e8b465ee728b)  -> (artifact id: 'd6c55dd30bcd4c08e1a37c5d783fe417') in 0.005553 seconds
  Import took 0.009817 seconds .

========================================================================
Received Prepare
Registering precompiled user dll's ...
Registered in 0.001410 seconds.
Begin MonoManager ReloadAssembly
Native extension for WindowsStandalone target not found
Native extension for WebGL target not found
Refreshing native plugins compatible for Editor in 0.54 ms, found 0 plugins.
Preloading 0 native plugins for Editor in 0.00 ms.
Invoked RoslynAnalysisRunner static constructor.
RoslynAnalysisRunner will not be running.
RoslynAnalysisRunner has terminated.
Mono: successfully reloaded assembly
- Completed reload, in  0.844 seconds
Platform modules already initialized, skipping
Shader 'Universal Render Pipeline/Particles/Lit': fallback shader 'Universal Render Pipeline/Particles/SimpleLit' not found
Shader 'Universal Render Pipeline/Particles/Lit': fallback shader 'Universal Render Pipeline/Particles/SimpleLit' not found
Refreshing native plugins compatible for Editor in 0.36 ms, found 0 plugins.
Preloading 0 native plugins for Editor in 0.00 ms.
Unloading 2488 Unused Serialized files (Serialized files now loaded: 0)
System memory in use before: 119.0 MB.
System memory in use after: 116.7 MB.

Unloading 42 unused Assets to reduce memory usage. Loaded Objects now: 3108.
Total: 3.477500 ms (FindLiveObjects: 0.274400 ms CreateObjectMapping: 0.133800 ms MarkObjects: 1.764100 ms  DeleteObjects: 1.304500 ms)

========================================================================
Received Import Request.
  Time since last request: 189.877784 seconds.
  path: Assets/Scripts/GameManager.cs
  artifactKey: Guid(8549b571eb0124d4d8803ff9daf39ff7) Importer(815301076,1909f56bfc062723c751e8b465ee728b)
Start importing Assets/Scripts/GameManager.cs using Guid(8549b571eb0124d4d8803ff9daf39ff7) Importer(815301076,1909f56bfc062723c751e8b465ee728b)  -> (artifact id: '0839f7bd268d8768809d7c2407d5eca9') in 0.004986 seconds
  Import took 0.008646 seconds .

========================================================================
Received Prepare
Registering precompiled user dll's ...
Registered in 0.001090 seconds.
Begin MonoManager ReloadAssembly
Native extension for WindowsStandalone target not found
Native extension for WebGL target not found
Refreshing native plugins compatible for Editor in 0.37 ms, found 0 plugins.
Preloading 0 native plugins for Editor in 0.00 ms.
Invoked RoslynAnalysisRunner static constructor.
RoslynAnalysisRunner will not be running.
RoslynAnalysisRunner has terminated.
Mono: successfully reloaded assembly
- Completed reload, in  0.824 seconds
Platform modules already initialized, skipping
Shader 'Universal Render Pipeline/Particles/Lit': fallback shader 'Universal Render Pipeline/Particles/SimpleLit' not found
Shader 'Universal Render Pipeline/Particles/Lit': fallback shader 'Universal Render Pipeline/Particles/SimpleLit' not found
Refreshing native plugins compatible for Editor in 0.40 ms, found 0 plugins.
Preloading 0 native plugins for Editor in 0.00 ms.
Unloading 2488 Unused Serialized files (Serialized files now loaded: 0)
System memory in use before: 119.0 MB.
System memory in use after: 116.8 MB.

Unloading 42 unused Assets to reduce memory usage. Loaded Objects now: 3111.
Total: 3.938000 ms (FindLiveObjects: 0.394300 ms CreateObjectMapping: 0.166800 ms MarkObjects: 1.983300 ms  DeleteObjects: 1.391300 ms)

========================================================================
Received Prepare
Registering precompiled user dll's ...
Registered in 0.000988 seconds.
Begin MonoManager ReloadAssembly
Native extension for WindowsStandalone target not found
Native extension for WebGL target not found
Refreshing native plugins compatible for Editor in 0.39 ms, found 0 plugins.
Preloading 0 native plugins for Editor in 0.00 ms.
Invoked RoslynAnalysisRunner static constructor.
RoslynAnalysisRunner will not be running.
RoslynAnalysisRunner has terminated.
Mono: successfully reloaded assembly
- Completed reload, in  0.830 seconds
Platform modules already initialized, skipping
Shader 'Universal Render Pipeline/Particles/Lit': fallback shader 'Universal Render Pipeline/Particles/SimpleLit' not found
Shader 'Universal Render Pipeline/Particles/Lit': fallback shader 'Universal Render Pipeline/Particles/SimpleLit' not found
Refreshing native plugins compatible for Editor in 0.37 ms, found 0 plugins.
Preloading 0 native plugins for Editor in 0.00 ms.
Unloading 2488 Unused Serialized files (Serialized files now loaded: 0)
System memory in use before: 119.0 MB.
System memory in use after: 116.8 MB.

Unloading 42 unused Assets to reduce memory usage. Loaded Objects now: 3114.
Total: 3.790000 ms (FindLiveObjects: 0.281900 ms CreateObjectMapping: 0.125100 ms MarkObjects: 2.011800 ms  DeleteObjects: 1.369600 ms)

========================================================================
Received Prepare
Registering precompiled user dll's ...
Registered in 0.000977 seconds.
Begin MonoManager ReloadAssembly
Native extension for WindowsStandalone target not found
Native extension for WebGL target not found
Refreshing native plugins compatible for Editor in 0.38 ms, found 0 plugins.
Preloading 0 native plugins for Editor in 0.00 ms.
Invoked RoslynAnalysisRunner static constructor.
RoslynAnalysisRunner will not be running.
RoslynAnalysisRunner has terminated.
Mono: successfully reloaded assembly
- Completed reload, in  0.882 seconds
Platform modules already initialized, skipping
Shader 'Universal Render Pipeline/Particles/Lit': fallback shader 'Universal Render Pipeline/Particles/SimpleLit' not found
Shader 'Universal Render Pipeline/Particles/Lit': fallback shader 'Universal Render Pipeline/Particles/SimpleLit' not found
Refreshing native plugins compatible for Editor in 0.37 ms, found 0 plugins.
Preloading 0 native plugins for Editor in 0.00 ms.
Unloading 2488 Unused Serialized files (Serialized files now loaded: 0)
System memory in use before: 118.9 MB.
System memory in use after: 116.7 MB.

Unloading 42 unused Assets to reduce memory usage. Loaded Objects now: 3117.
Total: 4.878400 ms (FindLiveObjects: 0.329700 ms CreateObjectMapping: 0.171900 ms MarkObjects: 2.795900 ms  DeleteObjects: 1.579000 ms)

========================================================================
Received Prepare
Registering precompiled user dll's ...
Registered in 0.000981 seconds.
Begin MonoManager ReloadAssembly
Native extension for WindowsStandalone target not found
Native extension for WebGL target not found
Refreshing native plugins compatible for Editor in 0.38 ms, found 0 plugins.
Preloading 0 native plugins for Editor in 0.00 ms.
Invoked RoslynAnalysisRunner static constructor.
RoslynAnalysisRunner will not be running.
RoslynAnalysisRunner has terminated.
Mono: successfully reloaded assembly
- Completed reload, in  0.805 seconds
Platform modules already initialized, skipping
Shader 'Universal Render Pipeline/Particles/Lit': fallback shader 'Universal Render Pipeline/Particles/SimpleLit' not found
Shader 'Universal Render Pipeline/Particles/Lit': fallback shader 'Universal Render Pipeline/Particles/SimpleLit' not found
Refreshing native plugins compatible for Editor in 0.36 ms, found 0 plugins.
Preloading 0 native plugins for Editor in 0.00 ms.
Unloading 2488 Unused Serialized files (Serialized files now loaded: 0)
System memory in use before: 119.0 MB.
System memory in use after: 116.8 MB.

Unloading 42 unused Assets to reduce memory usage. Loaded Objects now: 3120.
Total: 4.692000 ms (FindLiveObjects: 0.498900 ms CreateObjectMapping: 0.242800 ms MarkObjects: 2.286900 ms  DeleteObjects: 1.661400 ms)

========================================================================
Received Import Request.
  Time since last request: 552.756584 seconds.
  path: Assets/Prefabs/Player.prefab
  artifactKey: Guid(57ffd3b444e6173428021b630aa61a6a) Importer(815301076,1909f56bfc062723c751e8b465ee728b)
Start importing Assets/Prefabs/Player.prefab using Guid(57ffd3b444e6173428021b630aa61a6a) Importer(815301076,1909f56bfc062723c751e8b465ee728b)  -> (artifact id: 'cc4f19d5816c1f4f27977123804ff7c9') in 0.146610 seconds
  Import took 0.158293 seconds .

========================================================================
Received Import Request.
  Time since last request: 3.042998 seconds.
  path: Assets/Prefabs/Player.prefab
  artifactKey: Guid(57ffd3b444e6173428021b630aa61a6a) Importer(815301076,1909f56bfc062723c751e8b465ee728b)
Start importing Assets/Prefabs/Player.prefab using Guid(57ffd3b444e6173428021b630aa61a6a) Importer(815301076,1909f56bfc062723c751e8b465ee728b)  -> (artifact id: 'fb32ec35d3e6a40a1b2a5f110f493b57') in 0.009232 seconds
  Import took 0.013293 seconds .

========================================================================
Received Import Request.
  Time since last request: 0.006660 seconds.
  path: Assets/Prefabs/Player.prefab
  artifactKey: Guid(57ffd3b444e6173428021b630aa61a6a) Importer(815301076,1909f56bfc062723c751e8b465ee728b)
Start importing Assets/Prefabs/Player.prefab using Guid(57ffd3b444e6173428021b630aa61a6a) Importer(815301076,1909f56bfc062723c751e8b465ee728b)  -> (artifact id: 'fb32ec35d3e6a40a1b2a5f110f493b57') in 0.008792 seconds
  Import took 0.012480 seconds .

========================================================================
Received Prepare
Registering precompiled user dll's ...
Registered in 0.000958 seconds.
Begin MonoManager ReloadAssembly
Native extension for WindowsStandalone target not found
Native extension for WebGL target not found
Refreshing native plugins compatible for Editor in 0.38 ms, found 0 plugins.
Preloading 0 native plugins for Editor in 0.00 ms.
Invoked RoslynAnalysisRunner static constructor.
RoslynAnalysisRunner will not be running.
RoslynAnalysisRunner has terminated.
Mono: successfully reloaded assembly
- Completed reload, in  0.842 seconds
Platform modules already initialized, skipping
Shader 'Universal Render Pipeline/Particles/Lit': fallback shader 'Universal Render Pipeline/Particles/SimpleLit' not found
Shader 'Universal Render Pipeline/Particles/Lit': fallback shader 'Universal Render Pipeline/Particles/SimpleLit' not found
Refreshing native plugins compatible for Editor in 0.40 ms, found 0 plugins.
Preloading 0 native plugins for Editor in 0.00 ms.
Unloading 2488 Unused Serialized files (Serialized files now loaded: 0)
System memory in use before: 119.1 MB.
System memory in use after: 116.9 MB.

Unloading 42 unused Assets to reduce memory usage. Loaded Objects now: 3159.
Total: 3.798100 ms (FindLiveObjects: 0.458300 ms CreateObjectMapping: 0.203900 ms MarkObjects: 1.770100 ms  DeleteObjects: 1.342100 ms)

========================================================================
Received Prepare
Registering precompiled user dll's ...
Registered in 0.001033 seconds.
Begin MonoManager ReloadAssembly
Native extension for WindowsStandalone target not found
Native extension for WebGL target not found
Refreshing native plugins compatible for Editor in 0.37 ms, found 0 plugins.
Preloading 0 native plugins for Editor in 0.00 ms.
Invoked RoslynAnalysisRunner static constructor.
RoslynAnalysisRunner will not be running.
RoslynAnalysisRunner has terminated.
Mono: successfully reloaded assembly
- Completed reload, in  0.803 seconds
Platform modules already initialized, skipping
Shader 'Universal Render Pipeline/Particles/Lit': fallback shader 'Universal Render Pipeline/Particles/SimpleLit' not found
Shader 'Universal Render Pipeline/Particles/Lit': fallback shader 'Universal Render Pipeline/Particles/SimpleLit' not found
Refreshing native plugins compatible for Editor in 0.36 ms, found 0 plugins.
Preloading 0 native plugins for Editor in 0.00 ms.
Unloading 2488 Unused Serialized files (Serialized files now loaded: 0)
System memory in use before: 119.1 MB.
System memory in use after: 116.9 MB.

Unloading 42 unused Assets to reduce memory usage. Loaded Objects now: 3162.
Total: 3.626300 ms (FindLiveObjects: 0.266200 ms CreateObjectMapping: 0.116900 ms MarkObjects: 1.887500 ms  DeleteObjects: 1.354700 ms)

========================================================================
Received Import Request.
  Time since last request: 141.900574 seconds.
  path: Assets/Prefabs/Player.prefab
  artifactKey: Guid(57ffd3b444e6173428021b630aa61a6a) Importer(815301076,1909f56bfc062723c751e8b465ee728b)
Start importing Assets/Prefabs/Player.prefab using Guid(57ffd3b444e6173428021b630aa61a6a) Importer(815301076,1909f56bfc062723c751e8b465ee728b)  -> (artifact id: '7aef2932c43c294813e7321a92678add') in 0.148138 seconds
  Import took 0.152028 seconds .

========================================================================
Received Import Request.
  Time since last request: 3.001364 seconds.
  path: Assets/Prefabs/Player.prefab
  artifactKey: Guid(57ffd3b444e6173428021b630aa61a6a) Importer(815301076,1909f56bfc062723c751e8b465ee728b)
Start importing Assets/Prefabs/Player.prefab using Guid(57ffd3b444e6173428021b630aa61a6a) Importer(815301076,1909f56bfc062723c751e8b465ee728b)  -> (artifact id: '86746cd7db5554c5fcbae5d8323468a1') in 0.009442 seconds
  Import took 0.014309 seconds .

========================================================================
Received Import Request.
  Time since last request: 0.005260 seconds.
  path: Assets/Prefabs/Player.prefab
  artifactKey: Guid(57ffd3b444e6173428021b630aa61a6a) Importer(815301076,1909f56bfc062723c751e8b465ee728b)
Start importing Assets/Prefabs/Player.prefab using Guid(57ffd3b444e6173428021b630aa61a6a) Importer(815301076,1909f56bfc062723c751e8b465ee728b)  -> (artifact id: '86746cd7db5554c5fcbae5d8323468a1') in 0.008500 seconds
  Import took 0.012160 seconds .

========================================================================
Received Import Request.
  Time since last request: 30.699470 seconds.
  path: Assets/Prefabs/Player.prefab
  artifactKey: Guid(57ffd3b444e6173428021b630aa61a6a) Importer(815301076,1909f56bfc062723c751e8b465ee728b)
Start importing Assets/Prefabs/Player.prefab using Guid(57ffd3b444e6173428021b630aa61a6a) Importer(815301076,1909f56bfc062723c751e8b465ee728b)  -> (artifact id: 'da3f626e2f7db6ea09b226eb09175227') in 0.008415 seconds
  Import took 0.012693 seconds .

========================================================================
Received Import Request.
  Time since last request: 1.935952 seconds.
  path: Assets/Prefabs/Player.prefab
  artifactKey: Guid(57ffd3b444e6173428021b630aa61a6a) Importer(815301076,1909f56bfc062723c751e8b465ee728b)
Start importing Assets/Prefabs/Player.prefab using Guid(57ffd3b444e6173428021b630aa61a6a) Importer(815301076,1909f56bfc062723c751e8b465ee728b)  -> (artifact id: 'f447b4f0538822738bf9a3bcd5aadbc6') in 0.009061 seconds
  Import took 0.013273 seconds .

========================================================================
Received Prepare
Registering precompiled user dll's ...
Registered in 0.001399 seconds.
Begin MonoManager ReloadAssembly
Native extension for WindowsStandalone target not found
Native extension for WebGL target not found
Refreshing native plugins compatible for Editor in 0.39 ms, found 0 plugins.
Preloading 0 native plugins for Editor in 0.00 ms.
Invoked RoslynAnalysisRunner static constructor.
RoslynAnalysisRunner will not be running.
RoslynAnalysisRunner has terminated.
Mono: successfully reloaded assembly
- Completed reload, in  0.830 seconds
Platform modules already initialized, skipping
Shader 'Universal Render Pipeline/Particles/Lit': fallback shader 'Universal Render Pipeline/Particles/SimpleLit' not found
Shader 'Universal Render Pipeline/Particles/Lit': fallback shader 'Universal Render Pipeline/Particles/SimpleLit' not found
Refreshing native plugins compatible for Editor in 0.36 ms, found 0 plugins.
Preloading 0 native plugins for Editor in 0.00 ms.
Unloading 2488 Unused Serialized files (Serialized files now loaded: 0)
System memory in use before: 119.2 MB.
System memory in use after: 117.0 MB.

Unloading 42 unused Assets to reduce memory usage. Loaded Objects now: 3201.
Total: 3.961600 ms (FindLiveObjects: 0.285600 ms CreateObjectMapping: 0.123900 ms MarkObjects: 2.190000 ms  DeleteObjects: 1.360600 ms)

========================================================================
Received Prepare
Registering precompiled user dll's ...
Registered in 0.001012 seconds.
Begin MonoManager ReloadAssembly
Native extension for WindowsStandalone target not found
Native extension for WebGL target not found
Refreshing native plugins compatible for Editor in 0.67 ms, found 0 plugins.
Preloading 0 native plugins for Editor in 0.00 ms.
Invoked RoslynAnalysisRunner static constructor.
RoslynAnalysisRunner will not be running.
RoslynAnalysisRunner has terminated.
Mono: successfully reloaded assembly
- Completed reload, in  0.868 seconds
Platform modules already initialized, skipping
Shader 'Universal Render Pipeline/Particles/Lit': fallback shader 'Universal Render Pipeline/Particles/SimpleLit' not found
Shader 'Universal Render Pipeline/Particles/Lit': fallback shader 'Universal Render Pipeline/Particles/SimpleLit' not found
Refreshing native plugins compatible for Editor in 0.36 ms, found 0 plugins.
Preloading 0 native plugins for Editor in 0.00 ms.
Unloading 2488 Unused Serialized files (Serialized files now loaded: 0)
System memory in use before: 119.2 MB.
System memory in use after: 117.0 MB.

Unloading 42 unused Assets to reduce memory usage. Loaded Objects now: 3204.
Total: 4.286400 ms (FindLiveObjects: 0.512400 ms CreateObjectMapping: 0.174200 ms MarkObjects: 2.231400 ms  DeleteObjects: 1.367100 ms)

========================================================================
Received Import Request.
  Time since last request: 97.380221 seconds.
  path: Assets/Prefabs/Player.prefab
  artifactKey: Guid(57ffd3b444e6173428021b630aa61a6a) Importer(815301076,1909f56bfc062723c751e8b465ee728b)
Start importing Assets/Prefabs/Player.prefab using Guid(57ffd3b444e6173428021b630aa61a6a) Importer(815301076,1909f56bfc062723c751e8b465ee728b)  -> (artifact id: '088be191d75df94264f6c78773589d52') in 0.141265 seconds
  Import took 0.145236 seconds .

========================================================================
Received Import Request.
  Time since last request: 1.547588 seconds.
  path: Assets/Prefabs/Player.prefab
  artifactKey: Guid(57ffd3b444e6173428021b630aa61a6a) Importer(815301076,1909f56bfc062723c751e8b465ee728b)
Start importing Assets/Prefabs/Player.prefab using Guid(57ffd3b444e6173428021b630aa61a6a) Importer(815301076,1909f56bfc062723c751e8b465ee728b)  -> (artifact id: '088be191d75df94264f6c78773589d52') in 0.007997 seconds
  Import took 0.011660 seconds .

========================================================================
Received Prepare
Registering precompiled user dll's ...
Registered in 0.000973 seconds.
Begin MonoManager ReloadAssembly
Native extension for WindowsStandalone target not found
Native extension for WebGL target not found
Refreshing native plugins compatible for Editor in 0.41 ms, found 0 plugins.
Preloading 0 native plugins for Editor in 0.00 ms.
Invoked RoslynAnalysisRunner static constructor.
RoslynAnalysisRunner will not be running.
RoslynAnalysisRunner has terminated.
Mono: successfully reloaded assembly
- Completed reload, in  0.956 seconds
Platform modules already initialized, skipping
Shader 'Universal Render Pipeline/Particles/Lit': fallback shader 'Universal Render Pipeline/Particles/SimpleLit' not found
Shader 'Universal Render Pipeline/Particles/Lit': fallback shader 'Universal Render Pipeline/Particles/SimpleLit' not found
Refreshing native plugins compatible for Editor in 0.88 ms, found 0 plugins.
Preloading 0 native plugins for Editor in 0.00 ms.
Unloading 2488 Unused Serialized files (Serialized files now loaded: 0)
System memory in use before: 119.4 MB.
System memory in use after: 117.2 MB.

Unloading 42 unused Assets to reduce memory usage. Loaded Objects now: 3243.
Total: 3.592200 ms (FindLiveObjects: 0.276200 ms CreateObjectMapping: 0.127300 ms MarkObjects: 1.838500 ms  DeleteObjects: 1.349000 ms)

========================================================================
Received Import Request.
  Time since last request: 44.944075 seconds.
  path: Assets/Prefabs/Player.prefab
  artifactKey: Guid(57ffd3b444e6173428021b630aa61a6a) Importer(815301076,1909f56bfc062723c751e8b465ee728b)
Start importing Assets/Prefabs/Player.prefab using Guid(57ffd3b444e6173428021b630aa61a6a) Importer(815301076,1909f56bfc062723c751e8b465ee728b)  -> (artifact id: '51029f4e923f0ba4b702b17639e835d7') in 0.154086 seconds
  Import took 0.158412 seconds .

========================================================================
Received Prepare
Registering precompiled user dll's ...
Registered in 0.001039 seconds.
Begin MonoManager ReloadAssembly
Native extension for WindowsStandalone target not found
Native extension for WebGL target not found
Refreshing native plugins compatible for Editor in 0.38 ms, found 0 plugins.
Preloading 0 native plugins for Editor in 0.00 ms.
Invoked RoslynAnalysisRunner static constructor.
RoslynAnalysisRunner will not be running.
RoslynAnalysisRunner has terminated.
Mono: successfully reloaded assembly
- Completed reload, in  0.809 seconds
Platform modules already initialized, skipping
Shader 'Universal Render Pipeline/Particles/Lit': fallback shader 'Universal Render Pipeline/Particles/SimpleLit' not found
Shader 'Universal Render Pipeline/Particles/Lit': fallback shader 'Universal Render Pipeline/Particles/SimpleLit' not found
Refreshing native plugins compatible for Editor in 0.36 ms, found 0 plugins.
Preloading 0 native plugins for Editor in 0.00 ms.
Unloading 2488 Unused Serialized files (Serialized files now loaded: 0)
System memory in use before: 119.5 MB.
System memory in use after: 117.3 MB.

Unloading 42 unused Assets to reduce memory usage. Loaded Objects now: 3282.
Total: 4.374300 ms (FindLiveObjects: 0.545300 ms CreateObjectMapping: 0.136200 ms MarkObjects: 2.312800 ms  DeleteObjects: 1.378500 ms)

========================================================================
Received Prepare
Registering precompiled user dll's ...
Registered in 0.000993 seconds.
Begin MonoManager ReloadAssembly
Native extension for WindowsStandalone target not found
Native extension for WebGL target not found
Refreshing native plugins compatible for Editor in 0.62 ms, found 0 plugins.
Preloading 0 native plugins for Editor in 0.00 ms.
Invoked RoslynAnalysisRunner static constructor.
RoslynAnalysisRunner will not be running.
RoslynAnalysisRunner has terminated.
Mono: successfully reloaded assembly
- Completed reload, in  0.838 seconds
Platform modules already initialized, skipping
Shader 'Universal Render Pipeline/Particles/Lit': fallback shader 'Universal Render Pipeline/Particles/SimpleLit' not found
Shader 'Universal Render Pipeline/Particles/Lit': fallback shader 'Universal Render Pipeline/Particles/SimpleLit' not found
Refreshing native plugins compatible for Editor in 0.36 ms, found 0 plugins.
Preloading 0 native plugins for Editor in 0.00 ms.
Unloading 2488 Unused Serialized files (Serialized files now loaded: 0)
System memory in use before: 119.5 MB.
System memory in use after: 117.3 MB.

Unloading 42 unused Assets to reduce memory usage. Loaded Objects now: 3285.
Total: 3.945200 ms (FindLiveObjects: 0.515500 ms CreateObjectMapping: 0.135900 ms MarkObjects: 1.927300 ms  DeleteObjects: 1.364000 ms)

========================================================================
Received Import Request.
  Time since last request: 526.658853 seconds.
  path: Assets/Scripts/Utility
  artifactKey: Guid(3a365e69c1dc3344fb204d3764993422) Importer(815301076,1909f56bfc062723c751e8b465ee728b)
Start importing Assets/Scripts/Utility using Guid(3a365e69c1dc3344fb204d3764993422) Importer(815301076,1909f56bfc062723c751e8b465ee728b)  -> (artifact id: '6308a471ca0fcfca78986d6190273861') in 0.010312 seconds
  Import took 0.014859 seconds .

========================================================================
Received Import Request.
  Time since last request: 39.898116 seconds.
  path: Assets/Scripts/Utility/LockToTarget.cs
  artifactKey: Guid(efc53f03e0d7a07439c0de7d1f7191fc) Importer(815301076,1909f56bfc062723c751e8b465ee728b)
Start importing Assets/Scripts/Utility/LockToTarget.cs using Guid(efc53f03e0d7a07439c0de7d1f7191fc) Importer(815301076,1909f56bfc062723c751e8b465ee728b)  -> (artifact id: '88898bfabb83bda5c8cd59f210e31346') in 0.011563 seconds
  Import took 0.018323 seconds .

========================================================================
Received Prepare
Registering precompiled user dll's ...
Registered in 0.000967 seconds.
Begin MonoManager ReloadAssembly
Native extension for WindowsStandalone target not found
Native extension for WebGL target not found
Refreshing native plugins compatible for Editor in 0.38 ms, found 0 plugins.
Preloading 0 native plugins for Editor in 0.00 ms.
Invoked RoslynAnalysisRunner static constructor.
RoslynAnalysisRunner will not be running.
RoslynAnalysisRunner has terminated.
Mono: successfully reloaded assembly
- Completed reload, in  0.929 seconds
Platform modules already initialized, skipping
Shader 'Universal Render Pipeline/Particles/Lit': fallback shader 'Universal Render Pipeline/Particles/SimpleLit' not found
Shader 'Universal Render Pipeline/Particles/Lit': fallback shader 'Universal Render Pipeline/Particles/SimpleLit' not found
Refreshing native plugins compatible for Editor in 0.37 ms, found 0 plugins.
Preloading 0 native plugins for Editor in 0.00 ms.
Unloading 2489 Unused Serialized files (Serialized files now loaded: 0)
System memory in use before: 119.6 MB.
System memory in use after: 117.3 MB.

Unloading 42 unused Assets to reduce memory usage. Loaded Objects now: 3289.
Total: 4.482600 ms (FindLiveObjects: 0.347200 ms CreateObjectMapping: 0.134000 ms MarkObjects: 2.085200 ms  DeleteObjects: 1.914500 ms)

========================================================================
Received Prepare
Registering precompiled user dll's ...
Registered in 0.001187 seconds.
Begin MonoManager ReloadAssembly
Native extension for WindowsStandalone target not found
Native extension for WebGL target not found
Refreshing native plugins compatible for Editor in 0.41 ms, found 0 plugins.
Preloading 0 native plugins for Editor in 0.00 ms.
Invoked RoslynAnalysisRunner static constructor.
RoslynAnalysisRunner will not be running.
RoslynAnalysisRunner has terminated.
Mono: successfully reloaded assembly
- Completed reload, in  0.860 seconds
Platform modules already initialized, skipping
Shader 'Universal Render Pipeline/Particles/Lit': fallback shader 'Universal Render Pipeline/Particles/SimpleLit' not found
Shader 'Universal Render Pipeline/Particles/Lit': fallback shader 'Universal Render Pipeline/Particles/SimpleLit' not found
Refreshing native plugins compatible for Editor in 0.36 ms, found 0 plugins.
Preloading 0 native plugins for Editor in 0.00 ms.
Unloading 2489 Unused Serialized files (Serialized files now loaded: 0)
System memory in use before: 119.5 MB.
System memory in use after: 117.2 MB.

Unloading 42 unused Assets to reduce memory usage. Loaded Objects now: 3292.
Total: 4.426500 ms (FindLiveObjects: 0.474700 ms CreateObjectMapping: 0.215000 ms MarkObjects: 2.352600 ms  DeleteObjects: 1.382700 ms)

========================================================================
Received Import Request.
  Time since last request: 189.677734 seconds.
  path: Assets/Scripts/Utility/LockToTarget.cs
  artifactKey: Guid(efc53f03e0d7a07439c0de7d1f7191fc) Importer(815301076,1909f56bfc062723c751e8b465ee728b)
Start importing Assets/Scripts/Utility/LockToTarget.cs using Guid(efc53f03e0d7a07439c0de7d1f7191fc) Importer(815301076,1909f56bfc062723c751e8b465ee728b)  -> (artifact id: '9e4db82f3da189a464e39d0bbb299156') in 0.005575 seconds
  Import took 0.009499 seconds .

========================================================================
Received Prepare
Registering precompiled user dll's ...
Registered in 0.000968 seconds.
Begin MonoManager ReloadAssembly
Native extension for WindowsStandalone target not found
Native extension for WebGL target not found
Refreshing native plugins compatible for Editor in 0.40 ms, found 0 plugins.
Preloading 0 native plugins for Editor in 0.00 ms.
Invoked RoslynAnalysisRunner static constructor.
RoslynAnalysisRunner will not be running.
RoslynAnalysisRunner has terminated.
Mono: successfully reloaded assembly
- Completed reload, in  0.891 seconds
Platform modules already initialized, skipping
Shader 'Universal Render Pipeline/Particles/Lit': fallback shader 'Universal Render Pipeline/Particles/SimpleLit' not found
Shader 'Universal Render Pipeline/Particles/Lit': fallback shader 'Universal Render Pipeline/Particles/SimpleLit' not found
Refreshing native plugins compatible for Editor in 0.37 ms, found 0 plugins.
Preloading 0 native plugins for Editor in 0.00 ms.
Unloading 2489 Unused Serialized files (Serialized files now loaded: 0)
System memory in use before: 119.6 MB.
System memory in use after: 117.4 MB.

Unloading 42 unused Assets to reduce memory usage. Loaded Objects now: 3295.
Total: 4.185000 ms (FindLiveObjects: 0.468000 ms CreateObjectMapping: 0.182600 ms MarkObjects: 2.099700 ms  DeleteObjects: 1.433300 ms)

========================================================================
Received Prepare
Registering precompiled user dll's ...
Registered in 0.001020 seconds.
Begin MonoManager ReloadAssembly
Native extension for WindowsStandalone target not found
Native extension for WebGL target not found
Refreshing native plugins compatible for Editor in 0.38 ms, found 0 plugins.
Preloading 0 native plugins for Editor in 0.00 ms.
Invoked RoslynAnalysisRunner static constructor.
RoslynAnalysisRunner will not be running.
RoslynAnalysisRunner has terminated.
Mono: successfully reloaded assembly
- Completed reload, in  0.799 seconds
Platform modules already initialized, skipping
Shader 'Universal Render Pipeline/Particles/Lit': fallback shader 'Universal Render Pipeline/Particles/SimpleLit' not found
Shader 'Universal Render Pipeline/Particles/Lit': fallback shader 'Universal Render Pipeline/Particles/SimpleLit' not found
Refreshing native plugins compatible for Editor in 0.43 ms, found 0 plugins.
Preloading 0 native plugins for Editor in 0.00 ms.
Unloading 2489 Unused Serialized files (Serialized files now loaded: 0)
System memory in use before: 119.6 MB.
System memory in use after: 117.4 MB.

Unloading 42 unused Assets to reduce memory usage. Loaded Objects now: 3298.
Total: 4.040600 ms (FindLiveObjects: 0.322800 ms CreateObjectMapping: 0.141400 ms MarkObjects: 2.042900 ms  DeleteObjects: 1.531900 ms)

